2024/02/16 20:26:35 - mmengine - INFO - 
------------------------------------------------------------
System environment:
    sys.platform: linux
    Python: 3.8.18 (default, Sep 11 2023, 13:40:15) [GCC 11.2.0]
    CUDA available: True
    MUSA available: False
    numpy_random_seed: 521985184
    GPU 0: NVIDIA RTX A4000
    CUDA_HOME: /usr
    NVCC: Cuda compilation tools, release 12.2, V12.2.140
    GCC: gcc (Ubuntu 11.4.0-1ubuntu1~22.04) 11.4.0
    PyTorch: 1.10.1
    PyTorch compiling details: PyTorch built with:
  - GCC 7.3
  - C++ Version: 201402
  - Intel(R) oneAPI Math Kernel Library Version 2023.1-Product Build 20230303 for Intel(R) 64 architecture applications
  - Intel(R) MKL-DNN v2.2.3 (Git Hash 7336ca9f055cf1bfa13efb658fe15dc9b41f0740)
  - OpenMP 201511 (a.k.a. OpenMP 4.5)
  - LAPACK is enabled (usually provided by MKL)
  - NNPACK is enabled
  - CPU capability usage: AVX2
  - CUDA Runtime 11.3
  - NVCC architecture flags: -gencode;arch=compute_37,code=sm_37;-gencode;arch=compute_50,code=sm_50;-gencode;arch=compute_60,code=sm_60;-gencode;arch=compute_61,code=sm_61;-gencode;arch=compute_70,code=sm_70;-gencode;arch=compute_75,code=sm_75;-gencode;arch=compute_80,code=sm_80;-gencode;arch=compute_86,code=sm_86;-gencode;arch=compute_37,code=compute_37
  - CuDNN 8.2
  - Magma 2.5.2
  - Build settings: BLAS_INFO=mkl, BUILD_TYPE=Release, CUDA_VERSION=11.3, CUDNN_VERSION=8.2.0, CXX_COMPILER=/opt/rh/devtoolset-7/root/usr/bin/c++, CXX_FLAGS= -Wno-deprecated -fvisibility-inlines-hidden -DUSE_PTHREADPOOL -fopenmp -DNDEBUG -DUSE_KINETO -DUSE_FBGEMM -DUSE_QNNPACK -DUSE_PYTORCH_QNNPACK -DUSE_XNNPACK -DSYMBOLICATE_MOBILE_DEBUG_HANDLE -DEDGE_PROFILER_USE_KINETO -O2 -fPIC -Wno-narrowing -Wall -Wextra -Werror=return-type -Wno-missing-field-initializers -Wno-type-limits -Wno-array-bounds -Wno-unknown-pragmas -Wno-sign-compare -Wno-unused-parameter -Wno-unused-variable -Wno-unused-function -Wno-unused-result -Wno-unused-local-typedefs -Wno-strict-overflow -Wno-strict-aliasing -Wno-error=deprecated-declarations -Wno-stringop-overflow -Wno-psabi -Wno-error=pedantic -Wno-error=redundant-decls -Wno-error=old-style-cast -fdiagnostics-color=always -faligned-new -Wno-unused-but-set-variable -Wno-maybe-uninitialized -fno-math-errno -fno-trapping-math -Werror=format -Wno-stringop-overflow, LAPACK_INFO=mkl, PERF_WITH_AVX=1, PERF_WITH_AVX2=1, PERF_WITH_AVX512=1, TORCH_VERSION=1.10.1, USE_CUDA=ON, USE_CUDNN=ON, USE_EXCEPTION_PTR=1, USE_GFLAGS=OFF, USE_GLOG=OFF, USE_MKL=ON, USE_MKLDNN=ON, USE_MPI=OFF, USE_NCCL=ON, USE_NNPACK=ON, USE_OPENMP=ON, 

    TorchVision: 0.11.2
    OpenCV: 4.9.0
    MMEngine: 0.10.3

Runtime environment:
    cudnn_benchmark: False
    mp_cfg: {'mp_start_method': 'fork', 'opencv_num_threads': 0}
    dist_cfg: {'backend': 'nccl'}
    seed: 521985184
    deterministic: False
    Distributed launcher: none
    Distributed training: False
    GPU number: 1
------------------------------------------------------------

2024/02/16 20:26:35 - mmengine - INFO - Config:
auto_scale_lr = dict(base_batch_size=128)
data_preprocessor = dict(
    mean=[
        125.307,
        122.961,
        113.8575,
    ],
    num_classes=10,
    std=[
        51.5865,
        50.847,
        51.255,
    ],
    to_rgb=False)
dataset_type = 'CIFAR10'
default_hooks = dict(
    checkpoint=dict(interval=1, type='CheckpointHook'),
    logger=dict(interval=100, type='LoggerHook'),
    param_scheduler=dict(type='ParamSchedulerHook'),
    sampler_seed=dict(type='DistSamplerSeedHook'),
    timer=dict(type='IterTimerHook'),
    visualization=dict(enable=False, type='VisualizationHook'))
default_scope = 'mmpretrain'
env_cfg = dict(
    cudnn_benchmark=False,
    dist_cfg=dict(backend='nccl'),
    mp_cfg=dict(mp_start_method='fork', opencv_num_threads=0))
launcher = 'none'
load_from = None
log_level = 'INFO'
model = dict(
    backbone=dict(
        depth=14,
        dilations=(
            1,
            1,
        ),
        num_stages=2,
        out_indices=(1, ),
        strides=(
            1,
            2,
        ),
        style='pytorch',
        type='PiNetResNet_CIFARWoutBN'),
    head=dict(
        in_channels=128,
        loss=dict(loss_weight=1.0, type='CrossEntropyLoss'),
        num_classes=10,
        type='LinearClsHead'),
    neck=dict(in_channels=32768, out_channels=128, type='PiNetLinearNeck'),
    type='ImageClassifier')
optim_wrapper = dict(optimizer=dict(lr=1e-09, type='SGD'))
randomness = dict(deterministic=False, seed=None)
resume = False
test_cfg = dict()
test_dataloader = dict(
    batch_size=16,
    collate_fn=dict(type='default_collate'),
    dataset=dict(
        data_root='data/cifar10/',
        pipeline=[
            dict(type='PackInputs'),
        ],
        split='test',
        type='CIFAR10'),
    num_workers=2,
    persistent_workers=True,
    pin_memory=True,
    sampler=dict(shuffle=False, type='DefaultSampler'))
test_evaluator = dict(topk=(1, ), type='Accuracy')
test_pipeline = [
    dict(type='PackInputs'),
]
train_cfg = dict(by_epoch=True, max_epochs=2000, val_interval=1)
train_dataloader = dict(
    batch_size=16,
    collate_fn=dict(type='default_collate'),
    dataset=dict(
        data_root='data/cifar10',
        pipeline=[
            dict(crop_size=32, padding=4, type='RandomCrop'),
            dict(direction='horizontal', prob=0.5, type='RandomFlip'),
            dict(type='PackInputs'),
        ],
        split='train',
        type='CIFAR10'),
    num_workers=2,
    persistent_workers=True,
    pin_memory=True,
    sampler=dict(shuffle=True, type='DefaultSampler'))
train_pipeline = [
    dict(crop_size=32, padding=4, type='RandomCrop'),
    dict(direction='horizontal', prob=0.5, type='RandomFlip'),
    dict(type='PackInputs'),
]
val_cfg = dict()
val_dataloader = dict(
    batch_size=16,
    collate_fn=dict(type='default_collate'),
    dataset=dict(
        data_root='data/cifar10/',
        pipeline=[
            dict(type='PackInputs'),
        ],
        split='test',
        type='CIFAR10'),
    num_workers=2,
    persistent_workers=True,
    pin_memory=True,
    sampler=dict(shuffle=False, type='DefaultSampler'))
val_evaluator = dict(topk=(1, ), type='Accuracy')
vis_backends = [
    dict(type='LocalVisBackend'),
]
visualizer = dict(
    type='UniversalVisualizer', vis_backends=[
        dict(type='LocalVisBackend'),
    ])
work_dir = './work_dirs/pinet_resnet14_8xb16_cifar10_wout_bn_wout_pooling_constant_lr'

2024/02/16 20:26:38 - mmengine - INFO - Distributed training is not used, all SyncBatchNorm (SyncBN) layers in the model will be automatically reverted to BatchNormXd layers if they are used.
2024/02/16 20:26:38 - mmengine - INFO - Hooks will be executed in the following order:
before_run:
(VERY_HIGH   ) RuntimeInfoHook                    
(BELOW_NORMAL) LoggerHook                         
 -------------------- 
before_train:
(VERY_HIGH   ) RuntimeInfoHook                    
(NORMAL      ) IterTimerHook                      
(VERY_LOW    ) CheckpointHook                     
 -------------------- 
before_train_epoch:
(VERY_HIGH   ) RuntimeInfoHook                    
(NORMAL      ) IterTimerHook                      
(NORMAL      ) DistSamplerSeedHook                
 -------------------- 
before_train_iter:
(VERY_HIGH   ) RuntimeInfoHook                    
(NORMAL      ) IterTimerHook                      
 -------------------- 
after_train_iter:
(VERY_HIGH   ) RuntimeInfoHook                    
(NORMAL      ) IterTimerHook                      
(BELOW_NORMAL) LoggerHook                         
(LOW         ) ParamSchedulerHook                 
(VERY_LOW    ) CheckpointHook                     
 -------------------- 
after_train_epoch:
(NORMAL      ) IterTimerHook                      
(LOW         ) ParamSchedulerHook                 
(VERY_LOW    ) CheckpointHook                     
 -------------------- 
before_val:
(VERY_HIGH   ) RuntimeInfoHook                    
 -------------------- 
before_val_epoch:
(NORMAL      ) IterTimerHook                      
 -------------------- 
before_val_iter:
(NORMAL      ) IterTimerHook                      
 -------------------- 
after_val_iter:
(NORMAL      ) IterTimerHook                      
(NORMAL      ) VisualizationHook                  
(BELOW_NORMAL) LoggerHook                         
 -------------------- 
after_val_epoch:
(VERY_HIGH   ) RuntimeInfoHook                    
(NORMAL      ) IterTimerHook                      
(BELOW_NORMAL) LoggerHook                         
(LOW         ) ParamSchedulerHook                 
(VERY_LOW    ) CheckpointHook                     
 -------------------- 
after_val:
(VERY_HIGH   ) RuntimeInfoHook                    
 -------------------- 
after_train:
(VERY_HIGH   ) RuntimeInfoHook                    
(VERY_LOW    ) CheckpointHook                     
 -------------------- 
before_test:
(VERY_HIGH   ) RuntimeInfoHook                    
 -------------------- 
before_test_epoch:
(NORMAL      ) IterTimerHook                      
 -------------------- 
before_test_iter:
(NORMAL      ) IterTimerHook                      
 -------------------- 
after_test_iter:
(NORMAL      ) IterTimerHook                      
(NORMAL      ) VisualizationHook                  
(BELOW_NORMAL) LoggerHook                         
 -------------------- 
after_test_epoch:
(VERY_HIGH   ) RuntimeInfoHook                    
(NORMAL      ) IterTimerHook                      
(BELOW_NORMAL) LoggerHook                         
 -------------------- 
after_test:
(VERY_HIGH   ) RuntimeInfoHook                    
 -------------------- 
after_run:
(BELOW_NORMAL) LoggerHook                         
 -------------------- 
Name of parameter - Initialization information

backbone.conv1.weight - torch.Size([64, 3, 3, 3]): 
KaimingInit: a=0, mode=fan_out, nonlinearity=relu, distribution =normal, bias=0 

backbone.layer1.0.conv1.weight - torch.Size([64, 64, 3, 3]): 
KaimingInit: a=0, mode=fan_out, nonlinearity=relu, distribution =normal, bias=0 

backbone.layer1.0.conv2.weight - torch.Size([64, 64, 3, 3]): 
KaimingInit: a=0, mode=fan_out, nonlinearity=relu, distribution =normal, bias=0 

backbone.layer1.1.conv1.weight - torch.Size([64, 64, 3, 3]): 
KaimingInit: a=0, mode=fan_out, nonlinearity=relu, distribution =normal, bias=0 

backbone.layer1.1.conv2.weight - torch.Size([64, 64, 3, 3]): 
KaimingInit: a=0, mode=fan_out, nonlinearity=relu, distribution =normal, bias=0 

backbone.layer2.0.conv1.weight - torch.Size([128, 64, 3, 3]): 
KaimingInit: a=0, mode=fan_out, nonlinearity=relu, distribution =normal, bias=0 

backbone.layer2.0.conv2.weight - torch.Size([128, 128, 3, 3]): 
KaimingInit: a=0, mode=fan_out, nonlinearity=relu, distribution =normal, bias=0 

backbone.layer2.0.downsample.0.weight - torch.Size([128, 64, 1, 1]): 
KaimingInit: a=0, mode=fan_out, nonlinearity=relu, distribution =normal, bias=0 

backbone.layer2.0.downsample.1.weight - torch.Size([128]): 
The value is the same before and after calling `init_weights` of ImageClassifier  

backbone.layer2.0.downsample.1.bias - torch.Size([128]): 
The value is the same before and after calling `init_weights` of ImageClassifier  

backbone.layer2.1.conv1.weight - torch.Size([128, 128, 3, 3]): 
KaimingInit: a=0, mode=fan_out, nonlinearity=relu, distribution =normal, bias=0 

backbone.layer2.1.conv2.weight - torch.Size([128, 128, 3, 3]): 
KaimingInit: a=0, mode=fan_out, nonlinearity=relu, distribution =normal, bias=0 

neck.fc.weight - torch.Size([128, 32768]): 
The value is the same before and after calling `init_weights` of ImageClassifier  

neck.fc_2.weight - torch.Size([128, 32768]): 
The value is the same before and after calling `init_weights` of ImageClassifier  

head.fc.weight - torch.Size([10, 128]): 
NormalInit: mean=0, std=0.01, bias=0 

head.fc.bias - torch.Size([10]): 
NormalInit: mean=0, std=0.01, bias=0 
2024/02/16 20:26:41 - mmengine - WARNING - "FileClient" will be deprecated in future. Please use io functions in https://mmengine.readthedocs.io/en/latest/api/fileio.html#file-io
2024/02/16 20:26:41 - mmengine - WARNING - "HardDiskBackend" is the alias of "LocalBackend" and the former will be deprecated in future.
2024/02/16 20:26:41 - mmengine - INFO - Checkpoints will be saved to /home/umityigitbsrn/Desktop/umityigitbsrn/pinet-mmpretrain/work_dirs/pinet_resnet14_8xb16_cifar10_wout_bn_wout_pooling_constant_lr.
2024/02/16 20:26:44 - mmengine - INFO - Epoch(train)    [1][ 100/3125]  lr: 1.0000e-09  eta: 1 day, 11:26:29  time: 0.0074  data_time: 0.0002  memory: 253  loss: 2.3537
2024/02/16 20:26:44 - mmengine - INFO - Epoch(train)    [1][ 200/3125]  lr: 1.0000e-09  eta: 1 day, 0:13:16  time: 0.0074  data_time: 0.0002  memory: 253  loss: 2.3218
2024/02/16 20:26:45 - mmengine - INFO - Epoch(train)    [1][ 300/3125]  lr: 1.0000e-09  eta: 20:26:47  time: 0.0070  data_time: 0.0002  memory: 253  loss: 2.3584
2024/02/16 20:26:46 - mmengine - INFO - Epoch(train)    [1][ 400/3125]  lr: 1.0000e-09  eta: 18:26:47  time: 0.0077  data_time: 0.0002  memory: 253  loss: 2.3759
2024/02/16 20:26:46 - mmengine - INFO - Epoch(train)    [1][ 500/3125]  lr: 1.0000e-09  eta: 17:22:32  time: 0.0078  data_time: 0.0002  memory: 253  loss: 2.2787
2024/02/16 20:26:47 - mmengine - INFO - Epoch(train)    [1][ 600/3125]  lr: 1.0000e-09  eta: 16:42:07  time: 0.0075  data_time: 0.0002  memory: 253  loss: 2.3554
2024/02/16 20:26:48 - mmengine - INFO - Epoch(train)    [1][ 700/3125]  lr: 1.0000e-09  eta: 16:11:57  time: 0.0077  data_time: 0.0002  memory: 253  loss: 2.3390
2024/02/16 20:26:49 - mmengine - INFO - Epoch(train)    [1][ 800/3125]  lr: 1.0000e-09  eta: 15:50:21  time: 0.0075  data_time: 0.0002  memory: 253  loss: 2.4650
2024/02/16 20:26:50 - mmengine - INFO - Epoch(train)    [1][ 900/3125]  lr: 1.0000e-09  eta: 15:32:46  time: 0.0075  data_time: 0.0002  memory: 253  loss: 2.3225
2024/02/16 20:26:50 - mmengine - INFO - Exp name: pinet_resnet14_8xb16_cifar10_wout_bn_wout_pooling_constant_lr_20240216_202634
2024/02/16 20:26:50 - mmengine - INFO - Epoch(train)    [1][1000/3125]  lr: 1.0000e-09  eta: 15:17:58  time: 0.0075  data_time: 0.0002  memory: 253  loss: 2.3009
2024/02/16 20:26:51 - mmengine - INFO - Epoch(train)    [1][1100/3125]  lr: 1.0000e-09  eta: 15:06:23  time: 0.0075  data_time: 0.0002  memory: 253  loss: 2.3321
2024/02/16 20:26:52 - mmengine - INFO - Epoch(train)    [1][1200/3125]  lr: 1.0000e-09  eta: 14:55:56  time: 0.0073  data_time: 0.0002  memory: 253  loss: 2.3455
2024/02/16 20:26:53 - mmengine - INFO - Epoch(train)    [1][1300/3125]  lr: 1.0000e-09  eta: 14:48:34  time: 0.0081  data_time: 0.0002  memory: 253  loss: 2.3495
2024/02/16 20:26:53 - mmengine - INFO - Epoch(train)    [1][1400/3125]  lr: 1.0000e-09  eta: 14:42:56  time: 0.0079  data_time: 0.0002  memory: 253  loss: 2.3197
2024/02/16 20:26:54 - mmengine - INFO - Epoch(train)    [1][1500/3125]  lr: 1.0000e-09  eta: 14:38:28  time: 0.0078  data_time: 0.0002  memory: 253  loss: 2.2845
2024/02/16 20:26:55 - mmengine - INFO - Epoch(train)    [1][1600/3125]  lr: 1.0000e-09  eta: 14:32:48  time: 0.0075  data_time: 0.0002  memory: 253  loss: 2.2780
2024/02/16 20:26:56 - mmengine - INFO - Epoch(train)    [1][1700/3125]  lr: 1.0000e-09  eta: 14:28:49  time: 0.0078  data_time: 0.0002  memory: 253  loss: 2.4921
2024/02/16 20:26:56 - mmengine - INFO - Epoch(train)    [1][1800/3125]  lr: 1.0000e-09  eta: 14:24:40  time: 0.0078  data_time: 0.0002  memory: 253  loss: 2.2857
2024/02/16 20:26:57 - mmengine - INFO - Epoch(train)    [1][1900/3125]  lr: 1.0000e-09  eta: 14:22:00  time: 0.0075  data_time: 0.0002  memory: 253  loss: 2.3361
2024/02/16 20:26:58 - mmengine - INFO - Exp name: pinet_resnet14_8xb16_cifar10_wout_bn_wout_pooling_constant_lr_20240216_202634
2024/02/16 20:26:58 - mmengine - INFO - Epoch(train)    [1][2000/3125]  lr: 1.0000e-09  eta: 14:19:49  time: 0.0077  data_time: 0.0002  memory: 253  loss: 2.2980
2024/02/16 20:26:59 - mmengine - INFO - Epoch(train)    [1][2100/3125]  lr: 1.0000e-09  eta: 14:17:27  time: 0.0077  data_time: 0.0002  memory: 253  loss: 2.3267
2024/02/16 20:27:00 - mmengine - INFO - Epoch(train)    [1][2200/3125]  lr: 1.0000e-09  eta: 14:14:47  time: 0.0076  data_time: 0.0002  memory: 253  loss: 2.3427
2024/02/16 20:27:00 - mmengine - INFO - Epoch(train)    [1][2300/3125]  lr: 1.0000e-09  eta: 14:12:40  time: 0.0079  data_time: 0.0002  memory: 253  loss: 2.2606
2024/02/16 20:27:01 - mmengine - INFO - Epoch(train)    [1][2400/3125]  lr: 1.0000e-09  eta: 14:10:36  time: 0.0079  data_time: 0.0002  memory: 253  loss: 2.2773
2024/02/16 20:27:02 - mmengine - INFO - Epoch(train)    [1][2500/3125]  lr: 1.0000e-09  eta: 14:09:28  time: 0.0076  data_time: 0.0002  memory: 253  loss: 2.2647
2024/02/16 20:27:03 - mmengine - INFO - Epoch(train)    [1][2600/3125]  lr: 1.0000e-09  eta: 14:07:56  time: 0.0077  data_time: 0.0002  memory: 253  loss: 2.2985
2024/02/16 20:27:03 - mmengine - INFO - Epoch(train)    [1][2700/3125]  lr: 1.0000e-09  eta: 14:05:56  time: 0.0075  data_time: 0.0002  memory: 253  loss: 2.2374
2024/02/16 20:27:04 - mmengine - INFO - Epoch(train)    [1][2800/3125]  lr: 1.0000e-09  eta: 14:04:18  time: 0.0079  data_time: 0.0002  memory: 253  loss: 2.2676
2024/02/16 20:27:05 - mmengine - INFO - Epoch(train)    [1][2900/3125]  lr: 1.0000e-09  eta: 14:02:46  time: 0.0075  data_time: 0.0002  memory: 253  loss: 2.2939
2024/02/16 20:27:06 - mmengine - INFO - Exp name: pinet_resnet14_8xb16_cifar10_wout_bn_wout_pooling_constant_lr_20240216_202634
2024/02/16 20:27:06 - mmengine - INFO - Epoch(train)    [1][3000/3125]  lr: 1.0000e-09  eta: 14:01:46  time: 0.0077  data_time: 0.0002  memory: 253  loss: 2.2434
2024/02/16 20:27:07 - mmengine - INFO - Epoch(train)    [1][3100/3125]  lr: 1.0000e-09  eta: 14:00:48  time: 0.0076  data_time: 0.0002  memory: 253  loss: 2.2506
2024/02/16 20:27:07 - mmengine - INFO - Exp name: pinet_resnet14_8xb16_cifar10_wout_bn_wout_pooling_constant_lr_20240216_202634
2024/02/16 20:27:07 - mmengine - INFO - Saving checkpoint at 1 epochs
2024/02/16 20:27:07 - mmengine - WARNING - `save_param_scheduler` is True but `self.param_schedulers` is None, so skip saving parameter schedulers
2024/02/16 20:27:07 - mmengine - INFO - Epoch(val)    [1][100/625]    eta: 0:00:01  time: 0.0024  data_time: 0.0001  memory: 253  
2024/02/16 20:27:08 - mmengine - INFO - Epoch(val)    [1][200/625]    eta: 0:00:01  time: 0.0023  data_time: 0.0001  memory: 93  
2024/02/16 20:27:08 - mmengine - INFO - Epoch(val)    [1][300/625]    eta: 0:00:00  time: 0.0023  data_time: 0.0001  memory: 93  
2024/02/16 20:27:08 - mmengine - INFO - Epoch(val)    [1][400/625]    eta: 0:00:00  time: 0.0023  data_time: 0.0001  memory: 93  
2024/02/16 20:27:08 - mmengine - INFO - Epoch(val)    [1][500/625]    eta: 0:00:00  time: 0.0023  data_time: 0.0001  memory: 93  
2024/02/16 20:27:09 - mmengine - INFO - Epoch(val)    [1][600/625]    eta: 0:00:00  time: 0.0024  data_time: 0.0001  memory: 93  
2024/02/16 20:27:09 - mmengine - INFO - Epoch(val) [1][625/625]    accuracy/top1: 18.9600  data_time: 0.0003  time: 0.0025
2024/02/16 20:27:09 - mmengine - INFO - Epoch(train)    [2][ 100/3125]  lr: 1.0000e-09  eta: 13:55:25  time: 0.0063  data_time: 0.0002  memory: 253  loss: 2.2799
2024/02/16 20:27:10 - mmengine - INFO - Epoch(train)    [2][ 200/3125]  lr: 1.0000e-09  eta: 13:53:37  time: 0.0075  data_time: 0.0002  memory: 253  loss: 2.2581
2024/02/16 20:27:11 - mmengine - INFO - Epoch(train)    [2][ 300/3125]  lr: 1.0000e-09  eta: 13:53:03  time: 0.0078  data_time: 0.0002  memory: 253  loss: 2.2253
2024/02/16 20:27:12 - mmengine - INFO - Epoch(train)    [2][ 400/3125]  lr: 1.0000e-09  eta: 13:52:34  time: 0.0078  data_time: 0.0002  memory: 253  loss: 2.2982
2024/02/16 20:27:13 - mmengine - INFO - Epoch(train)    [2][ 500/3125]  lr: 1.0000e-09  eta: 13:51:50  time: 0.0074  data_time: 0.0002  memory: 253  loss: 2.2225
2024/02/16 20:27:13 - mmengine - INFO - Epoch(train)    [2][ 600/3125]  lr: 1.0000e-09  eta: 13:50:57  time: 0.0079  data_time: 0.0002  memory: 253  loss: 2.2308
2024/02/16 20:27:14 - mmengine - INFO - Epoch(train)    [2][ 700/3125]  lr: 1.0000e-09  eta: 13:50:40  time: 0.0078  data_time: 0.0002  memory: 253  loss: 2.2617
2024/02/16 20:27:15 - mmengine - INFO - Epoch(train)    [2][ 800/3125]  lr: 1.0000e-09  eta: 13:50:28  time: 0.0080  data_time: 0.0002  memory: 253  loss: 2.3938
2024/02/16 20:27:15 - mmengine - INFO - Exp name: pinet_resnet14_8xb16_cifar10_wout_bn_wout_pooling_constant_lr_20240216_202634
2024/02/16 20:27:16 - mmengine - INFO - Epoch(train)    [2][ 900/3125]  lr: 1.0000e-09  eta: 13:50:10  time: 0.0079  data_time: 0.0002  memory: 253  loss: 2.2326
2024/02/16 20:27:16 - mmengine - INFO - Epoch(train)    [2][1000/3125]  lr: 1.0000e-09  eta: 13:49:46  time: 0.0077  data_time: 0.0002  memory: 253  loss: 2.2770
2024/02/16 20:27:17 - mmengine - INFO - Epoch(train)    [2][1100/3125]  lr: 1.0000e-09  eta: 13:48:58  time: 0.0075  data_time: 0.0002  memory: 253  loss: 2.2314
2024/02/16 20:27:18 - mmengine - INFO - Epoch(train)    [2][1200/3125]  lr: 1.0000e-09  eta: 13:48:28  time: 0.0079  data_time: 0.0002  memory: 253  loss: 2.2761
2024/02/16 20:27:19 - mmengine - INFO - Epoch(train)    [2][1300/3125]  lr: 1.0000e-09  eta: 13:48:01  time: 0.0079  data_time: 0.0002  memory: 253  loss: 2.2514
2024/02/16 20:27:20 - mmengine - INFO - Epoch(train)    [2][1400/3125]  lr: 1.0000e-09  eta: 13:47:31  time: 0.0077  data_time: 0.0002  memory: 253  loss: 2.2108
2024/02/16 20:27:20 - mmengine - INFO - Epoch(train)    [2][1500/3125]  lr: 1.0000e-09  eta: 13:47:01  time: 0.0079  data_time: 0.0002  memory: 253  loss: 2.3401
2024/02/16 20:27:21 - mmengine - INFO - Epoch(train)    [2][1600/3125]  lr: 1.0000e-09  eta: 13:46:34  time: 0.0078  data_time: 0.0002  memory: 253  loss: 2.2437
2024/02/16 20:27:22 - mmengine - INFO - Epoch(train)    [2][1700/3125]  lr: 1.0000e-09  eta: 13:46:17  time: 0.0077  data_time: 0.0002  memory: 253  loss: 2.2288
2024/02/16 20:27:23 - mmengine - INFO - Epoch(train)    [2][1800/3125]  lr: 1.0000e-09  eta: 13:45:54  time: 0.0077  data_time: 0.0002  memory: 253  loss: 2.2674
2024/02/16 20:27:23 - mmengine - INFO - Exp name: pinet_resnet14_8xb16_cifar10_wout_bn_wout_pooling_constant_lr_20240216_202634
2024/02/16 20:27:23 - mmengine - INFO - Epoch(train)    [2][1900/3125]  lr: 1.0000e-09  eta: 13:45:34  time: 0.0079  data_time: 0.0002  memory: 253  loss: 2.2051
2024/02/16 20:27:24 - mmengine - INFO - Epoch(train)    [2][2000/3125]  lr: 1.0000e-09  eta: 13:45:10  time: 0.0077  data_time: 0.0002  memory: 253  loss: 2.2760
2024/02/16 20:27:25 - mmengine - INFO - Epoch(train)    [2][2100/3125]  lr: 1.0000e-09  eta: 13:44:50  time: 0.0079  data_time: 0.0002  memory: 253  loss: 2.2407
2024/02/16 20:27:26 - mmengine - INFO - Epoch(train)    [2][2200/3125]  lr: 1.0000e-09  eta: 13:44:24  time: 0.0074  data_time: 0.0002  memory: 253  loss: 2.3163
2024/02/16 20:27:27 - mmengine - INFO - Epoch(train)    [2][2300/3125]  lr: 1.0000e-09  eta: 13:44:00  time: 0.0078  data_time: 0.0002  memory: 253  loss: 2.2641
2024/02/16 20:27:27 - mmengine - INFO - Epoch(train)    [2][2400/3125]  lr: 1.0000e-09  eta: 13:43:23  time: 0.0075  data_time: 0.0002  memory: 253  loss: 2.3136
2024/02/16 20:27:28 - mmengine - INFO - Epoch(train)    [2][2500/3125]  lr: 1.0000e-09  eta: 13:42:58  time: 0.0075  data_time: 0.0002  memory: 253  loss: 2.2569
2024/02/16 20:27:29 - mmengine - INFO - Epoch(train)    [2][2600/3125]  lr: 1.0000e-09  eta: 13:42:16  time: 0.0077  data_time: 0.0002  memory: 253  loss: 2.2217
2024/02/16 20:27:30 - mmengine - INFO - Epoch(train)    [2][2700/3125]  lr: 1.0000e-09  eta: 13:41:28  time: 0.0074  data_time: 0.0002  memory: 253  loss: 2.2096
2024/02/16 20:27:30 - mmengine - INFO - Epoch(train)    [2][2800/3125]  lr: 1.0000e-09  eta: 13:40:55  time: 0.0077  data_time: 0.0002  memory: 253  loss: 2.2054
2024/02/16 20:27:31 - mmengine - INFO - Exp name: pinet_resnet14_8xb16_cifar10_wout_bn_wout_pooling_constant_lr_20240216_202634
2024/02/16 20:27:31 - mmengine - INFO - Epoch(train)    [2][2900/3125]  lr: 1.0000e-09  eta: 13:40:24  time: 0.0076  data_time: 0.0002  memory: 253  loss: 2.2175
2024/02/16 20:27:32 - mmengine - INFO - Epoch(train)    [2][3000/3125]  lr: 1.0000e-09  eta: 13:39:55  time: 0.0077  data_time: 0.0002  memory: 253  loss: 2.2004
2024/02/16 20:27:33 - mmengine - INFO - Epoch(train)    [2][3100/3125]  lr: 1.0000e-09  eta: 13:39:37  time: 0.0075  data_time: 0.0002  memory: 253  loss: 2.2606
2024/02/16 20:27:33 - mmengine - INFO - Exp name: pinet_resnet14_8xb16_cifar10_wout_bn_wout_pooling_constant_lr_20240216_202634
2024/02/16 20:27:33 - mmengine - INFO - Saving checkpoint at 2 epochs
2024/02/16 20:27:34 - mmengine - INFO - Epoch(val)    [2][100/625]    eta: 0:00:01  time: 0.0024  data_time: 0.0001  memory: 253  
2024/02/16 20:27:34 - mmengine - INFO - Epoch(val)    [2][200/625]    eta: 0:00:01  time: 0.0024  data_time: 0.0001  memory: 93  
2024/02/16 20:27:34 - mmengine - INFO - Epoch(val)    [2][300/625]    eta: 0:00:00  time: 0.0024  data_time: 0.0001  memory: 93  
2024/02/16 20:27:34 - mmengine - INFO - Epoch(val)    [2][400/625]    eta: 0:00:00  time: 0.0024  data_time: 0.0001  memory: 93  
2024/02/16 20:27:34 - mmengine - INFO - Epoch(val)    [2][500/625]    eta: 0:00:00  time: 0.0024  data_time: 0.0001  memory: 93  
2024/02/16 20:27:35 - mmengine - INFO - Epoch(val)    [2][600/625]    eta: 0:00:00  time: 0.0024  data_time: 0.0001  memory: 93  
2024/02/16 20:27:35 - mmengine - INFO - Epoch(val) [2][625/625]    accuracy/top1: 21.6500  data_time: 0.0001  time: 0.0024
2024/02/16 20:27:35 - mmengine - INFO - Epoch(train)    [3][ 100/3125]  lr: 1.0000e-09  eta: 13:37:30  time: 0.0064  data_time: 0.0001  memory: 253  loss: 2.1953
2024/02/16 20:27:36 - mmengine - INFO - Epoch(train)    [3][ 200/3125]  lr: 1.0000e-09  eta: 13:36:38  time: 0.0075  data_time: 0.0002  memory: 253  loss: 2.2412
2024/02/16 20:27:37 - mmengine - INFO - Epoch(train)    [3][ 300/3125]  lr: 1.0000e-09  eta: 13:36:25  time: 0.0075  data_time: 0.0002  memory: 253  loss: 2.2221
2024/02/16 20:27:38 - mmengine - INFO - Epoch(train)    [3][ 400/3125]  lr: 1.0000e-09  eta: 13:35:48  time: 0.0078  data_time: 0.0002  memory: 253  loss: 2.2211
2024/02/16 20:27:39 - mmengine - INFO - Epoch(train)    [3][ 500/3125]  lr: 1.0000e-09  eta: 13:35:45  time: 0.0079  data_time: 0.0002  memory: 253  loss: 2.2388
2024/02/16 20:27:39 - mmengine - INFO - Epoch(train)    [3][ 600/3125]  lr: 1.0000e-09  eta: 13:35:04  time: 0.0072  data_time: 0.0002  memory: 253  loss: 2.3202
2024/02/16 20:27:40 - mmengine - INFO - Epoch(train)    [3][ 700/3125]  lr: 1.0000e-09  eta: 13:34:55  time: 0.0072  data_time: 0.0002  memory: 253  loss: 2.3972
2024/02/16 20:27:40 - mmengine - INFO - Exp name: pinet_resnet14_8xb16_cifar10_wout_bn_wout_pooling_constant_lr_20240216_202634
2024/02/16 20:27:41 - mmengine - INFO - Epoch(train)    [3][ 800/3125]  lr: 1.0000e-09  eta: 13:34:31  time: 0.0078  data_time: 0.0002  memory: 253  loss: 2.2883
2024/02/16 20:27:42 - mmengine - INFO - Epoch(train)    [3][ 900/3125]  lr: 1.0000e-09  eta: 13:34:18  time: 0.0078  data_time: 0.0002  memory: 253  loss: 2.2029
2024/02/16 20:27:42 - mmengine - INFO - Epoch(train)    [3][1000/3125]  lr: 1.0000e-09  eta: 13:34:04  time: 0.0075  data_time: 0.0002  memory: 253  loss: 2.2606
2024/02/16 20:27:43 - mmengine - INFO - Epoch(train)    [3][1100/3125]  lr: 1.0000e-09  eta: 13:33:57  time: 0.0075  data_time: 0.0002  memory: 253  loss: 2.2059
2024/02/16 20:27:44 - mmengine - INFO - Epoch(train)    [3][1200/3125]  lr: 1.0000e-09  eta: 13:33:50  time: 0.0075  data_time: 0.0002  memory: 253  loss: 2.2159
2024/02/16 20:27:45 - mmengine - INFO - Epoch(train)    [3][1300/3125]  lr: 1.0000e-09  eta: 13:33:40  time: 0.0079  data_time: 0.0002  memory: 253  loss: 2.2592
2024/02/16 20:27:45 - mmengine - INFO - Epoch(train)    [3][1400/3125]  lr: 1.0000e-09  eta: 13:33:26  time: 0.0077  data_time: 0.0002  memory: 253  loss: 2.2305
2024/02/16 20:27:46 - mmengine - INFO - Epoch(train)    [3][1500/3125]  lr: 1.0000e-09  eta: 13:33:12  time: 0.0075  data_time: 0.0002  memory: 253  loss: 2.2198
2024/02/16 20:27:47 - mmengine - INFO - Epoch(train)    [3][1600/3125]  lr: 1.0000e-09  eta: 13:32:57  time: 0.0076  data_time: 0.0002  memory: 253  loss: 2.2213
2024/02/16 20:27:48 - mmengine - INFO - Epoch(train)    [3][1700/3125]  lr: 1.0000e-09  eta: 13:32:34  time: 0.0075  data_time: 0.0002  memory: 253  loss: 2.2298
2024/02/16 20:27:48 - mmengine - INFO - Exp name: pinet_resnet14_8xb16_cifar10_wout_bn_wout_pooling_constant_lr_20240216_202634
2024/02/16 20:27:48 - mmengine - INFO - Epoch(train)    [3][1800/3125]  lr: 1.0000e-09  eta: 13:32:24  time: 0.0077  data_time: 0.0002  memory: 253  loss: 2.3472
2024/02/16 20:27:49 - mmengine - INFO - Epoch(train)    [3][1900/3125]  lr: 1.0000e-09  eta: 13:32:07  time: 0.0076  data_time: 0.0002  memory: 253  loss: 2.2759
2024/02/16 20:27:50 - mmengine - INFO - Epoch(train)    [3][2000/3125]  lr: 1.0000e-09  eta: 13:31:53  time: 0.0073  data_time: 0.0002  memory: 253  loss: 2.2298
2024/02/16 20:27:51 - mmengine - INFO - Epoch(train)    [3][2100/3125]  lr: 1.0000e-09  eta: 13:31:52  time: 0.0079  data_time: 0.0002  memory: 253  loss: 2.2251
2024/02/16 20:27:52 - mmengine - INFO - Epoch(train)    [3][2200/3125]  lr: 1.0000e-09  eta: 13:31:42  time: 0.0076  data_time: 0.0002  memory: 253  loss: 2.2421
2024/02/16 20:27:52 - mmengine - INFO - Epoch(train)    [3][2300/3125]  lr: 1.0000e-09  eta: 13:31:27  time: 0.0078  data_time: 0.0002  memory: 253  loss: 2.3206
2024/02/16 20:27:53 - mmengine - INFO - Epoch(train)    [3][2400/3125]  lr: 1.0000e-09  eta: 13:31:12  time: 0.0078  data_time: 0.0002  memory: 253  loss: 2.2355
2024/02/16 20:27:54 - mmengine - INFO - Epoch(train)    [3][2500/3125]  lr: 1.0000e-09  eta: 13:31:04  time: 0.0075  data_time: 0.0002  memory: 253  loss: 2.3295
2024/02/16 20:27:55 - mmengine - INFO - Epoch(train)    [3][2600/3125]  lr: 1.0000e-09  eta: 13:30:44  time: 0.0075  data_time: 0.0002  memory: 253  loss: 2.2287
2024/02/16 20:27:55 - mmengine - INFO - Epoch(train)    [3][2700/3125]  lr: 1.0000e-09  eta: 13:30:13  time: 0.0067  data_time: 0.0002  memory: 253  loss: 2.2617
2024/02/16 20:27:56 - mmengine - INFO - Exp name: pinet_resnet14_8xb16_cifar10_wout_bn_wout_pooling_constant_lr_20240216_202634
2024/02/16 20:27:56 - mmengine - INFO - Epoch(train)    [3][2800/3125]  lr: 1.0000e-09  eta: 13:29:55  time: 0.0078  data_time: 0.0002  memory: 253  loss: 2.2123
2024/02/16 20:27:57 - mmengine - INFO - Epoch(train)    [3][2900/3125]  lr: 1.0000e-09  eta: 13:29:56  time: 0.0079  data_time: 0.0002  memory: 253  loss: 2.2068
2024/02/16 20:27:58 - mmengine - INFO - Epoch(train)    [3][3000/3125]  lr: 1.0000e-09  eta: 13:30:02  time: 0.0079  data_time: 0.0002  memory: 253  loss: 2.1532
2024/02/16 20:27:58 - mmengine - INFO - Epoch(train)    [3][3100/3125]  lr: 1.0000e-09  eta: 13:30:01  time: 0.0078  data_time: 0.0002  memory: 253  loss: 2.2305
2024/02/16 20:27:59 - mmengine - INFO - Exp name: pinet_resnet14_8xb16_cifar10_wout_bn_wout_pooling_constant_lr_20240216_202634
2024/02/16 20:27:59 - mmengine - INFO - Saving checkpoint at 3 epochs
2024/02/16 20:27:59 - mmengine - INFO - Epoch(val)    [3][100/625]    eta: 0:00:01  time: 0.0023  data_time: 0.0001  memory: 253  
2024/02/16 20:27:59 - mmengine - INFO - Epoch(val)    [3][200/625]    eta: 0:00:01  time: 0.0023  data_time: 0.0001  memory: 93  
2024/02/16 20:28:00 - mmengine - INFO - Epoch(val)    [3][300/625]    eta: 0:00:00  time: 0.0023  data_time: 0.0001  memory: 93  
2024/02/16 20:28:00 - mmengine - INFO - Epoch(val)    [3][400/625]    eta: 0:00:00  time: 0.0023  data_time: 0.0001  memory: 93  
2024/02/16 20:28:00 - mmengine - INFO - Epoch(val)    [3][500/625]    eta: 0:00:00  time: 0.0023  data_time: 0.0001  memory: 93  
2024/02/16 20:28:00 - mmengine - INFO - Epoch(val)    [3][600/625]    eta: 0:00:00  time: 0.0023  data_time: 0.0001  memory: 93  
2024/02/16 20:28:01 - mmengine - INFO - Epoch(val) [3][625/625]    accuracy/top1: 22.7700  data_time: 0.0001  time: 0.0024
2024/02/16 20:28:01 - mmengine - INFO - Epoch(train)    [4][ 100/3125]  lr: 1.0000e-09  eta: 13:28:52  time: 0.0068  data_time: 0.0002  memory: 253  loss: 2.2470
2024/02/16 20:28:02 - mmengine - INFO - Epoch(train)    [4][ 200/3125]  lr: 1.0000e-09  eta: 13:27:38  time: 0.0065  data_time: 0.0001  memory: 253  loss: 2.2216
2024/02/16 20:28:03 - mmengine - INFO - Epoch(train)    [4][ 300/3125]  lr: 1.0000e-09  eta: 13:26:46  time: 0.0068  data_time: 0.0002  memory: 253  loss: 2.2618
2024/02/16 20:28:03 - mmengine - INFO - Epoch(train)    [4][ 400/3125]  lr: 1.0000e-09  eta: 13:25:33  time: 0.0068  data_time: 0.0002  memory: 253  loss: 2.2626
2024/02/16 20:28:04 - mmengine - INFO - Epoch(train)    [4][ 500/3125]  lr: 1.0000e-09  eta: 13:24:26  time: 0.0066  data_time: 0.0002  memory: 253  loss: 2.2311
2024/02/16 20:28:05 - mmengine - INFO - Epoch(train)    [4][ 600/3125]  lr: 1.0000e-09  eta: 13:23:34  time: 0.0065  data_time: 0.0002  memory: 253  loss: 2.2333
2024/02/16 20:28:05 - mmengine - INFO - Exp name: pinet_resnet14_8xb16_cifar10_wout_bn_wout_pooling_constant_lr_20240216_202634
2024/02/16 20:28:05 - mmengine - INFO - Epoch(train)    [4][ 700/3125]  lr: 1.0000e-09  eta: 13:22:25  time: 0.0066  data_time: 0.0002  memory: 253  loss: 2.1744
2024/02/16 20:28:06 - mmengine - INFO - Epoch(train)    [4][ 800/3125]  lr: 1.0000e-09  eta: 13:21:30  time: 0.0071  data_time: 0.0002  memory: 253  loss: 2.1849
2024/02/16 20:28:07 - mmengine - INFO - Epoch(train)    [4][ 900/3125]  lr: 1.0000e-09  eta: 13:20:49  time: 0.0076  data_time: 0.0002  memory: 253  loss: 2.2080
2024/02/16 20:28:08 - mmengine - INFO - Epoch(train)    [4][1000/3125]  lr: 1.0000e-09  eta: 13:21:02  time: 0.0077  data_time: 0.0002  memory: 253  loss: 2.2075
2024/02/16 20:28:08 - mmengine - INFO - Epoch(train)    [4][1100/3125]  lr: 1.0000e-09  eta: 13:21:07  time: 0.0077  data_time: 0.0002  memory: 253  loss: 2.1879
2024/02/16 20:28:09 - mmengine - INFO - Epoch(train)    [4][1200/3125]  lr: 1.0000e-09  eta: 13:21:15  time: 0.0079  data_time: 0.0002  memory: 253  loss: 2.2071
2024/02/16 20:28:10 - mmengine - INFO - Epoch(train)    [4][1300/3125]  lr: 1.0000e-09  eta: 13:21:24  time: 0.0080  data_time: 0.0002  memory: 253  loss: 2.2708
2024/02/16 20:28:11 - mmengine - INFO - Epoch(train)    [4][1400/3125]  lr: 1.0000e-09  eta: 13:21:35  time: 0.0081  data_time: 0.0002  memory: 253  loss: 2.2123
2024/02/16 20:28:11 - mmengine - INFO - Epoch(train)    [4][1500/3125]  lr: 1.0000e-09  eta: 13:21:35  time: 0.0079  data_time: 0.0002  memory: 253  loss: 2.2616
2024/02/16 20:28:12 - mmengine - INFO - Epoch(train)    [4][1600/3125]  lr: 1.0000e-09  eta: 13:21:45  time: 0.0077  data_time: 0.0002  memory: 253  loss: 2.1760
2024/02/16 20:28:12 - mmengine - INFO - Exp name: pinet_resnet14_8xb16_cifar10_wout_bn_wout_pooling_constant_lr_20240216_202634
2024/02/16 20:28:13 - mmengine - INFO - Epoch(train)    [4][1700/3125]  lr: 1.0000e-09  eta: 13:21:48  time: 0.0077  data_time: 0.0002  memory: 253  loss: 2.1922
2024/02/16 20:28:14 - mmengine - INFO - Epoch(train)    [4][1800/3125]  lr: 1.0000e-09  eta: 13:21:48  time: 0.0080  data_time: 0.0002  memory: 253  loss: 2.2147
2024/02/16 20:28:15 - mmengine - INFO - Epoch(train)    [4][1900/3125]  lr: 1.0000e-09  eta: 13:21:58  time: 0.0079  data_time: 0.0002  memory: 253  loss: 2.2702
2024/02/16 20:28:15 - mmengine - INFO - Epoch(train)    [4][2000/3125]  lr: 1.0000e-09  eta: 13:22:03  time: 0.0078  data_time: 0.0002  memory: 253  loss: 2.2412
2024/02/16 20:28:16 - mmengine - INFO - Epoch(train)    [4][2100/3125]  lr: 1.0000e-09  eta: 13:22:13  time: 0.0079  data_time: 0.0002  memory: 253  loss: 2.1885
2024/02/16 20:28:17 - mmengine - INFO - Epoch(train)    [4][2200/3125]  lr: 1.0000e-09  eta: 13:22:19  time: 0.0078  data_time: 0.0002  memory: 253  loss: 2.1450
2024/02/16 20:28:18 - mmengine - INFO - Epoch(train)    [4][2300/3125]  lr: 1.0000e-09  eta: 13:22:26  time: 0.0080  data_time: 0.0002  memory: 253  loss: 2.2713
2024/02/16 20:28:19 - mmengine - INFO - Epoch(train)    [4][2400/3125]  lr: 1.0000e-09  eta: 13:22:36  time: 0.0078  data_time: 0.0002  memory: 253  loss: 2.2211
2024/02/16 20:28:19 - mmengine - INFO - Epoch(train)    [4][2500/3125]  lr: 1.0000e-09  eta: 13:22:44  time: 0.0078  data_time: 0.0002  memory: 253  loss: 2.3644
2024/02/16 20:28:20 - mmengine - INFO - Epoch(train)    [4][2600/3125]  lr: 1.0000e-09  eta: 13:22:51  time: 0.0076  data_time: 0.0002  memory: 253  loss: 2.2504
2024/02/16 20:28:20 - mmengine - INFO - Exp name: pinet_resnet14_8xb16_cifar10_wout_bn_wout_pooling_constant_lr_20240216_202634
2024/02/16 20:28:21 - mmengine - INFO - Epoch(train)    [4][2700/3125]  lr: 1.0000e-09  eta: 13:22:43  time: 0.0076  data_time: 0.0002  memory: 253  loss: 2.1904
2024/02/16 20:28:22 - mmengine - INFO - Epoch(train)    [4][2800/3125]  lr: 1.0000e-09  eta: 13:22:24  time: 0.0067  data_time: 0.0002  memory: 253  loss: 2.1834
2024/02/16 20:28:22 - mmengine - INFO - Epoch(train)    [4][2900/3125]  lr: 1.0000e-09  eta: 13:22:16  time: 0.0077  data_time: 0.0002  memory: 253  loss: 2.1883
2024/02/16 20:28:23 - mmengine - INFO - Epoch(train)    [4][3000/3125]  lr: 1.0000e-09  eta: 13:22:17  time: 0.0078  data_time: 0.0002  memory: 253  loss: 2.1938
2024/02/16 20:28:24 - mmengine - INFO - Epoch(train)    [4][3100/3125]  lr: 1.0000e-09  eta: 13:22:17  time: 0.0078  data_time: 0.0002  memory: 253  loss: 2.2198
2024/02/16 20:28:24 - mmengine - INFO - Exp name: pinet_resnet14_8xb16_cifar10_wout_bn_wout_pooling_constant_lr_20240216_202634
2024/02/16 20:28:24 - mmengine - INFO - Saving checkpoint at 4 epochs
2024/02/16 20:28:25 - mmengine - INFO - Epoch(val)    [4][100/625]    eta: 0:00:01  time: 0.0023  data_time: 0.0001  memory: 253  
2024/02/16 20:28:25 - mmengine - INFO - Epoch(val)    [4][200/625]    eta: 0:00:01  time: 0.0024  data_time: 0.0001  memory: 93  
2024/02/16 20:28:25 - mmengine - INFO - Epoch(val)    [4][300/625]    eta: 0:00:00  time: 0.0024  data_time: 0.0001  memory: 93  
2024/02/16 20:28:25 - mmengine - INFO - Epoch(val)    [4][400/625]    eta: 0:00:00  time: 0.0024  data_time: 0.0001  memory: 93  
2024/02/16 20:28:26 - mmengine - INFO - Epoch(val)    [4][500/625]    eta: 0:00:00  time: 0.0023  data_time: 0.0001  memory: 93  
2024/02/16 20:28:26 - mmengine - INFO - Epoch(val)    [4][600/625]    eta: 0:00:00  time: 0.0024  data_time: 0.0001  memory: 93  
2024/02/16 20:28:26 - mmengine - INFO - Epoch(val) [4][625/625]    accuracy/top1: 23.7700  data_time: 0.0001  time: 0.0024
2024/02/16 20:28:27 - mmengine - INFO - Epoch(train)    [5][ 100/3125]  lr: 1.0000e-09  eta: 13:21:22  time: 0.0064  data_time: 0.0002  memory: 253  loss: 2.2137
2024/02/16 20:28:27 - mmengine - INFO - Epoch(train)    [5][ 200/3125]  lr: 1.0000e-09  eta: 13:20:54  time: 0.0076  data_time: 0.0002  memory: 253  loss: 2.2196
2024/02/16 20:28:28 - mmengine - INFO - Epoch(train)    [5][ 300/3125]  lr: 1.0000e-09  eta: 13:20:53  time: 0.0077  data_time: 0.0002  memory: 253  loss: 2.1583
2024/02/16 20:28:29 - mmengine - INFO - Epoch(train)    [5][ 400/3125]  lr: 1.0000e-09  eta: 13:20:49  time: 0.0076  data_time: 0.0002  memory: 253  loss: 2.1832
2024/02/16 20:28:30 - mmengine - INFO - Exp name: pinet_resnet14_8xb16_cifar10_wout_bn_wout_pooling_constant_lr_20240216_202634
2024/02/16 20:28:30 - mmengine - INFO - Epoch(train)    [5][ 500/3125]  lr: 1.0000e-09  eta: 13:20:46  time: 0.0076  data_time: 0.0002  memory: 253  loss: 2.1682
2024/02/16 20:28:30 - mmengine - INFO - Epoch(train)    [5][ 600/3125]  lr: 1.0000e-09  eta: 13:20:42  time: 0.0076  data_time: 0.0002  memory: 253  loss: 2.2490
2024/02/16 20:28:31 - mmengine - INFO - Epoch(train)    [5][ 700/3125]  lr: 1.0000e-09  eta: 13:20:37  time: 0.0076  data_time: 0.0002  memory: 253  loss: 2.2624
2024/02/16 20:28:32 - mmengine - INFO - Epoch(train)    [5][ 800/3125]  lr: 1.0000e-09  eta: 13:20:38  time: 0.0078  data_time: 0.0002  memory: 253  loss: 2.1845
2024/02/16 20:28:33 - mmengine - INFO - Epoch(train)    [5][ 900/3125]  lr: 1.0000e-09  eta: 13:20:36  time: 0.0078  data_time: 0.0002  memory: 253  loss: 2.2762
2024/02/16 20:28:34 - mmengine - INFO - Epoch(train)    [5][1000/3125]  lr: 1.0000e-09  eta: 13:20:32  time: 0.0077  data_time: 0.0002  memory: 253  loss: 2.1716
2024/02/16 20:28:34 - mmengine - INFO - Epoch(train)    [5][1100/3125]  lr: 1.0000e-09  eta: 13:20:26  time: 0.0075  data_time: 0.0002  memory: 253  loss: 2.2097
2024/02/16 20:28:35 - mmengine - INFO - Epoch(train)    [5][1200/3125]  lr: 1.0000e-09  eta: 13:20:23  time: 0.0078  data_time: 0.0002  memory: 253  loss: 2.1832
2024/02/16 20:28:36 - mmengine - INFO - Epoch(train)    [5][1300/3125]  lr: 1.0000e-09  eta: 13:20:20  time: 0.0075  data_time: 0.0002  memory: 253  loss: 2.2547
2024/02/16 20:28:37 - mmengine - INFO - Epoch(train)    [5][1400/3125]  lr: 1.0000e-09  eta: 13:20:15  time: 0.0077  data_time: 0.0002  memory: 253  loss: 2.2268
2024/02/16 20:28:37 - mmengine - INFO - Exp name: pinet_resnet14_8xb16_cifar10_wout_bn_wout_pooling_constant_lr_20240216_202634
2024/02/16 20:28:37 - mmengine - INFO - Epoch(train)    [5][1500/3125]  lr: 1.0000e-09  eta: 13:20:14  time: 0.0079  data_time: 0.0002  memory: 253  loss: 2.2129
2024/02/16 20:28:38 - mmengine - INFO - Epoch(train)    [5][1600/3125]  lr: 1.0000e-09  eta: 13:20:17  time: 0.0077  data_time: 0.0002  memory: 253  loss: 2.2306
2024/02/16 20:28:39 - mmengine - INFO - Epoch(train)    [5][1700/3125]  lr: 1.0000e-09  eta: 13:20:18  time: 0.0078  data_time: 0.0002  memory: 253  loss: 2.1546
2024/02/16 20:28:40 - mmengine - INFO - Epoch(train)    [5][1800/3125]  lr: 1.0000e-09  eta: 13:20:17  time: 0.0077  data_time: 0.0002  memory: 253  loss: 2.1651
2024/02/16 20:28:40 - mmengine - INFO - Epoch(train)    [5][1900/3125]  lr: 1.0000e-09  eta: 13:20:21  time: 0.0079  data_time: 0.0003  memory: 253  loss: 2.2349
2024/02/16 20:28:41 - mmengine - INFO - Epoch(train)    [5][2000/3125]  lr: 1.0000e-09  eta: 13:20:27  time: 0.0078  data_time: 0.0003  memory: 253  loss: 2.2945
2024/02/16 20:28:42 - mmengine - INFO - Epoch(train)    [5][2100/3125]  lr: 1.0000e-09  eta: 13:20:25  time: 0.0076  data_time: 0.0002  memory: 253  loss: 2.1785
2024/02/16 20:28:43 - mmengine - INFO - Epoch(train)    [5][2200/3125]  lr: 1.0000e-09  eta: 13:20:26  time: 0.0078  data_time: 0.0003  memory: 253  loss: 2.1916
2024/02/16 20:28:44 - mmengine - INFO - Epoch(train)    [5][2300/3125]  lr: 1.0000e-09  eta: 13:20:27  time: 0.0076  data_time: 0.0002  memory: 253  loss: 2.1548
2024/02/16 20:28:44 - mmengine - INFO - Epoch(train)    [5][2400/3125]  lr: 1.0000e-09  eta: 13:20:30  time: 0.0077  data_time: 0.0003  memory: 253  loss: 2.1598
2024/02/16 20:28:45 - mmengine - INFO - Exp name: pinet_resnet14_8xb16_cifar10_wout_bn_wout_pooling_constant_lr_20240216_202634
2024/02/16 20:28:45 - mmengine - INFO - Epoch(train)    [5][2500/3125]  lr: 1.0000e-09  eta: 13:20:29  time: 0.0079  data_time: 0.0003  memory: 253  loss: 2.1900
2024/02/16 20:28:46 - mmengine - INFO - Epoch(train)    [5][2600/3125]  lr: 1.0000e-09  eta: 13:20:23  time: 0.0067  data_time: 0.0002  memory: 253  loss: 2.2035
2024/02/16 20:28:47 - mmengine - INFO - Epoch(train)    [5][2700/3125]  lr: 1.0000e-09  eta: 13:20:07  time: 0.0078  data_time: 0.0003  memory: 253  loss: 2.1790
2024/02/16 20:28:47 - mmengine - INFO - Epoch(train)    [5][2800/3125]  lr: 1.0000e-09  eta: 13:20:19  time: 0.0080  data_time: 0.0003  memory: 253  loss: 2.1598
2024/02/16 20:28:48 - mmengine - INFO - Epoch(train)    [5][2900/3125]  lr: 1.0000e-09  eta: 13:20:22  time: 0.0075  data_time: 0.0003  memory: 253  loss: 2.1908
2024/02/16 20:28:49 - mmengine - INFO - Epoch(train)    [5][3000/3125]  lr: 1.0000e-09  eta: 13:20:32  time: 0.0078  data_time: 0.0003  memory: 253  loss: 2.1350
2024/02/16 20:28:50 - mmengine - INFO - Epoch(train)    [5][3100/3125]  lr: 1.0000e-09  eta: 13:20:40  time: 0.0077  data_time: 0.0003  memory: 253  loss: 2.1670
2024/02/16 20:28:50 - mmengine - INFO - Exp name: pinet_resnet14_8xb16_cifar10_wout_bn_wout_pooling_constant_lr_20240216_202634
2024/02/16 20:28:50 - mmengine - INFO - Saving checkpoint at 5 epochs
2024/02/16 20:28:51 - mmengine - INFO - Epoch(val)    [5][100/625]    eta: 0:00:01  time: 0.0023  data_time: 0.0001  memory: 253  
2024/02/16 20:28:51 - mmengine - INFO - Epoch(val)    [5][200/625]    eta: 0:00:01  time: 0.0023  data_time: 0.0001  memory: 93  
2024/02/16 20:28:51 - mmengine - INFO - Epoch(val)    [5][300/625]    eta: 0:00:00  time: 0.0023  data_time: 0.0001  memory: 93  
2024/02/16 20:28:51 - mmengine - INFO - Epoch(val)    [5][400/625]    eta: 0:00:00  time: 0.0023  data_time: 0.0001  memory: 93  
2024/02/16 20:28:52 - mmengine - INFO - Epoch(val)    [5][500/625]    eta: 0:00:00  time: 0.0023  data_time: 0.0001  memory: 93  
2024/02/16 20:28:52 - mmengine - INFO - Epoch(val)    [5][600/625]    eta: 0:00:00  time: 0.0023  data_time: 0.0001  memory: 93  
2024/02/16 20:28:52 - mmengine - INFO - Epoch(val) [5][625/625]    accuracy/top1: 24.6700  data_time: 0.0001  time: 0.0023
2024/02/16 20:28:53 - mmengine - INFO - Epoch(train)    [6][ 100/3125]  lr: 1.0000e-09  eta: 13:19:57  time: 0.0064  data_time: 0.0001  memory: 253  loss: 2.1938
2024/02/16 20:28:53 - mmengine - INFO - Epoch(train)    [6][ 200/3125]  lr: 1.0000e-09  eta: 13:19:09  time: 0.0065  data_time: 0.0002  memory: 253  loss: 2.2243
2024/02/16 20:28:54 - mmengine - INFO - Epoch(train)    [6][ 300/3125]  lr: 1.0000e-09  eta: 13:18:21  time: 0.0065  data_time: 0.0002  memory: 253  loss: 2.2039
2024/02/16 20:28:54 - mmengine - INFO - Exp name: pinet_resnet14_8xb16_cifar10_wout_bn_wout_pooling_constant_lr_20240216_202634
2024/02/16 20:28:55 - mmengine - INFO - Epoch(train)    [6][ 400/3125]  lr: 1.0000e-09  eta: 13:17:33  time: 0.0064  data_time: 0.0002  memory: 253  loss: 2.1693
2024/02/16 20:28:55 - mmengine - INFO - Epoch(train)    [6][ 500/3125]  lr: 1.0000e-09  eta: 13:17:12  time: 0.0079  data_time: 0.0002  memory: 253  loss: 2.2514
2024/02/16 20:28:56 - mmengine - INFO - Epoch(train)    [6][ 600/3125]  lr: 1.0000e-09  eta: 13:17:14  time: 0.0078  data_time: 0.0002  memory: 253  loss: 2.1551
2024/02/16 20:28:57 - mmengine - INFO - Epoch(train)    [6][ 700/3125]  lr: 1.0000e-09  eta: 13:17:14  time: 0.0076  data_time: 0.0003  memory: 253  loss: 2.1833
2024/02/16 20:28:58 - mmengine - INFO - Epoch(train)    [6][ 800/3125]  lr: 1.0000e-09  eta: 13:17:13  time: 0.0077  data_time: 0.0002  memory: 253  loss: 2.2195
2024/02/16 20:28:58 - mmengine - INFO - Epoch(train)    [6][ 900/3125]  lr: 1.0000e-09  eta: 13:17:11  time: 0.0075  data_time: 0.0002  memory: 253  loss: 2.2611
2024/02/16 20:28:59 - mmengine - INFO - Epoch(train)    [6][1000/3125]  lr: 1.0000e-09  eta: 13:17:15  time: 0.0078  data_time: 0.0002  memory: 253  loss: 2.2091
2024/02/16 20:29:00 - mmengine - INFO - Epoch(train)    [6][1100/3125]  lr: 1.0000e-09  eta: 13:17:15  time: 0.0079  data_time: 0.0002  memory: 253  loss: 2.1906
2024/02/16 20:29:01 - mmengine - INFO - Epoch(train)    [6][1200/3125]  lr: 1.0000e-09  eta: 13:17:20  time: 0.0078  data_time: 0.0002  memory: 253  loss: 2.1907
2024/02/16 20:29:02 - mmengine - INFO - Epoch(train)    [6][1300/3125]  lr: 1.0000e-09  eta: 13:17:19  time: 0.0079  data_time: 0.0002  memory: 253  loss: 2.1850
2024/02/16 20:29:02 - mmengine - INFO - Exp name: pinet_resnet14_8xb16_cifar10_wout_bn_wout_pooling_constant_lr_20240216_202634
2024/02/16 20:29:02 - mmengine - INFO - Epoch(train)    [6][1400/3125]  lr: 1.0000e-09  eta: 13:17:20  time: 0.0079  data_time: 0.0003  memory: 253  loss: 2.1878
2024/02/16 20:29:03 - mmengine - INFO - Epoch(train)    [6][1500/3125]  lr: 1.0000e-09  eta: 13:17:24  time: 0.0078  data_time: 0.0002  memory: 253  loss: 2.1660
2024/02/16 20:29:04 - mmengine - INFO - Epoch(train)    [6][1600/3125]  lr: 1.0000e-09  eta: 13:17:24  time: 0.0076  data_time: 0.0002  memory: 253  loss: 2.2047
2024/02/16 20:29:05 - mmengine - INFO - Epoch(train)    [6][1700/3125]  lr: 1.0000e-09  eta: 13:17:25  time: 0.0076  data_time: 0.0002  memory: 253  loss: 2.2111
2024/02/16 20:29:05 - mmengine - INFO - Epoch(train)    [6][1800/3125]  lr: 1.0000e-09  eta: 13:17:29  time: 0.0079  data_time: 0.0002  memory: 253  loss: 2.1866
2024/02/16 20:29:06 - mmengine - INFO - Epoch(train)    [6][1900/3125]  lr: 1.0000e-09  eta: 13:17:34  time: 0.0079  data_time: 0.0002  memory: 253  loss: 2.1625
2024/02/16 20:29:07 - mmengine - INFO - Epoch(train)    [6][2000/3125]  lr: 1.0000e-09  eta: 13:17:37  time: 0.0077  data_time: 0.0002  memory: 253  loss: 2.1584
2024/02/16 20:29:08 - mmengine - INFO - Epoch(train)    [6][2100/3125]  lr: 1.0000e-09  eta: 13:17:39  time: 0.0079  data_time: 0.0003  memory: 253  loss: 2.2161
2024/02/16 20:29:09 - mmengine - INFO - Epoch(train)    [6][2200/3125]  lr: 1.0000e-09  eta: 13:17:33  time: 0.0065  data_time: 0.0002  memory: 253  loss: 2.2132
2024/02/16 20:29:09 - mmengine - INFO - Epoch(train)    [6][2300/3125]  lr: 1.0000e-09  eta: 13:17:04  time: 0.0073  data_time: 0.0003  memory: 253  loss: 2.1404
2024/02/16 20:29:10 - mmengine - INFO - Exp name: pinet_resnet14_8xb16_cifar10_wout_bn_wout_pooling_constant_lr_20240216_202634
2024/02/16 20:29:10 - mmengine - INFO - Epoch(train)    [6][2400/3125]  lr: 1.0000e-09  eta: 13:16:27  time: 0.0065  data_time: 0.0002  memory: 253  loss: 2.1794
2024/02/16 20:29:11 - mmengine - INFO - Epoch(train)    [6][2500/3125]  lr: 1.0000e-09  eta: 13:16:17  time: 0.0079  data_time: 0.0002  memory: 253  loss: 2.2695
2024/02/16 20:29:11 - mmengine - INFO - Epoch(train)    [6][2600/3125]  lr: 1.0000e-09  eta: 13:16:13  time: 0.0075  data_time: 0.0002  memory: 253  loss: 2.1870
2024/02/16 20:29:12 - mmengine - INFO - Epoch(train)    [6][2700/3125]  lr: 1.0000e-09  eta: 13:16:09  time: 0.0077  data_time: 0.0003  memory: 253  loss: 2.2314
2024/02/16 20:29:13 - mmengine - INFO - Epoch(train)    [6][2800/3125]  lr: 1.0000e-09  eta: 13:15:55  time: 0.0065  data_time: 0.0002  memory: 253  loss: 2.1996
2024/02/16 20:29:14 - mmengine - INFO - Epoch(train)    [6][2900/3125]  lr: 1.0000e-09  eta: 13:15:56  time: 0.0082  data_time: 0.0003  memory: 253  loss: 2.1616
2024/02/16 20:29:14 - mmengine - INFO - Epoch(train)    [6][3000/3125]  lr: 1.0000e-09  eta: 13:16:06  time: 0.0083  data_time: 0.0004  memory: 253  loss: 2.1569
2024/02/16 20:29:15 - mmengine - INFO - Epoch(train)    [6][3100/3125]  lr: 1.0000e-09  eta: 13:16:06  time: 0.0077  data_time: 0.0003  memory: 253  loss: 2.1474
2024/02/16 20:29:15 - mmengine - INFO - Exp name: pinet_resnet14_8xb16_cifar10_wout_bn_wout_pooling_constant_lr_20240216_202634
2024/02/16 20:29:15 - mmengine - INFO - Saving checkpoint at 6 epochs
2024/02/16 20:29:16 - mmengine - INFO - Epoch(val)    [6][100/625]    eta: 0:00:01  time: 0.0023  data_time: 0.0001  memory: 253  
2024/02/16 20:29:16 - mmengine - INFO - Epoch(val)    [6][200/625]    eta: 0:00:00  time: 0.0023  data_time: 0.0001  memory: 93  
2024/02/16 20:29:16 - mmengine - INFO - Epoch(val)    [6][300/625]    eta: 0:00:00  time: 0.0023  data_time: 0.0001  memory: 93  
2024/02/16 20:29:17 - mmengine - INFO - Epoch(val)    [6][400/625]    eta: 0:00:00  time: 0.0023  data_time: 0.0001  memory: 93  
2024/02/16 20:29:17 - mmengine - INFO - Epoch(val)    [6][500/625]    eta: 0:00:00  time: 0.0023  data_time: 0.0001  memory: 93  
2024/02/16 20:29:17 - mmengine - INFO - Epoch(val)    [6][600/625]    eta: 0:00:00  time: 0.0023  data_time: 0.0001  memory: 93  
2024/02/16 20:29:17 - mmengine - INFO - Epoch(val) [6][625/625]    accuracy/top1: 24.5300  data_time: 0.0001  time: 0.0024
2024/02/16 20:29:18 - mmengine - INFO - Epoch(train)    [7][ 100/3125]  lr: 1.0000e-09  eta: 13:15:57  time: 0.0077  data_time: 0.0003  memory: 253  loss: 2.1694
2024/02/16 20:29:19 - mmengine - INFO - Epoch(train)    [7][ 200/3125]  lr: 1.0000e-09  eta: 13:15:58  time: 0.0077  data_time: 0.0003  memory: 253  loss: 2.0963
2024/02/16 20:29:19 - mmengine - INFO - Exp name: pinet_resnet14_8xb16_cifar10_wout_bn_wout_pooling_constant_lr_20240216_202634
2024/02/16 20:29:20 - mmengine - INFO - Epoch(train)    [7][ 300/3125]  lr: 1.0000e-09  eta: 13:15:59  time: 0.0077  data_time: 0.0003  memory: 253  loss: 2.1544
2024/02/16 20:29:20 - mmengine - INFO - Epoch(train)    [7][ 400/3125]  lr: 1.0000e-09  eta: 13:16:01  time: 0.0077  data_time: 0.0003  memory: 253  loss: 2.1630
2024/02/16 20:29:21 - mmengine - INFO - Epoch(train)    [7][ 500/3125]  lr: 1.0000e-09  eta: 13:16:03  time: 0.0077  data_time: 0.0003  memory: 253  loss: 2.2119
2024/02/16 20:29:22 - mmengine - INFO - Epoch(train)    [7][ 600/3125]  lr: 1.0000e-09  eta: 13:16:04  time: 0.0077  data_time: 0.0003  memory: 253  loss: 2.2146
2024/02/16 20:29:23 - mmengine - INFO - Epoch(train)    [7][ 700/3125]  lr: 1.0000e-09  eta: 13:16:05  time: 0.0076  data_time: 0.0003  memory: 253  loss: 2.1719
2024/02/16 20:29:24 - mmengine - INFO - Epoch(train)    [7][ 800/3125]  lr: 1.0000e-09  eta: 13:16:06  time: 0.0077  data_time: 0.0003  memory: 253  loss: 2.1931
2024/02/16 20:29:24 - mmengine - INFO - Epoch(train)    [7][ 900/3125]  lr: 1.0000e-09  eta: 13:16:06  time: 0.0077  data_time: 0.0003  memory: 253  loss: 2.1754
2024/02/16 20:29:25 - mmengine - INFO - Epoch(train)    [7][1000/3125]  lr: 1.0000e-09  eta: 13:16:09  time: 0.0077  data_time: 0.0003  memory: 253  loss: 2.2030
2024/02/16 20:29:26 - mmengine - INFO - Epoch(train)    [7][1100/3125]  lr: 1.0000e-09  eta: 13:16:11  time: 0.0076  data_time: 0.0003  memory: 253  loss: 2.1996
2024/02/16 20:29:27 - mmengine - INFO - Epoch(train)    [7][1200/3125]  lr: 1.0000e-09  eta: 13:16:10  time: 0.0077  data_time: 0.0003  memory: 253  loss: 2.1469
2024/02/16 20:29:27 - mmengine - INFO - Exp name: pinet_resnet14_8xb16_cifar10_wout_bn_wout_pooling_constant_lr_20240216_202634
2024/02/16 20:29:27 - mmengine - INFO - Epoch(train)    [7][1300/3125]  lr: 1.0000e-09  eta: 13:16:08  time: 0.0080  data_time: 0.0003  memory: 253  loss: 2.1550
2024/02/16 20:29:28 - mmengine - INFO - Epoch(train)    [7][1400/3125]  lr: 1.0000e-09  eta: 13:16:10  time: 0.0077  data_time: 0.0003  memory: 253  loss: 2.1693
2024/02/16 20:29:29 - mmengine - INFO - Epoch(train)    [7][1500/3125]  lr: 1.0000e-09  eta: 13:16:13  time: 0.0078  data_time: 0.0003  memory: 253  loss: 2.1277
2024/02/16 20:29:30 - mmengine - INFO - Epoch(train)    [7][1600/3125]  lr: 1.0000e-09  eta: 13:16:15  time: 0.0078  data_time: 0.0003  memory: 253  loss: 2.1936
2024/02/16 20:29:30 - mmengine - INFO - Epoch(train)    [7][1700/3125]  lr: 1.0000e-09  eta: 13:16:20  time: 0.0079  data_time: 0.0003  memory: 253  loss: 2.2343
2024/02/16 20:29:31 - mmengine - INFO - Epoch(train)    [7][1800/3125]  lr: 1.0000e-09  eta: 13:16:22  time: 0.0078  data_time: 0.0003  memory: 253  loss: 2.1679
2024/02/16 20:29:32 - mmengine - INFO - Epoch(train)    [7][1900/3125]  lr: 1.0000e-09  eta: 13:16:27  time: 0.0078  data_time: 0.0003  memory: 253  loss: 2.2022
2024/02/16 20:29:33 - mmengine - INFO - Epoch(train)    [7][2000/3125]  lr: 1.0000e-09  eta: 13:16:29  time: 0.0080  data_time: 0.0003  memory: 253  loss: 2.2001
2024/02/16 20:29:34 - mmengine - INFO - Epoch(train)    [7][2100/3125]  lr: 1.0000e-09  eta: 13:16:32  time: 0.0080  data_time: 0.0003  memory: 253  loss: 2.1847
2024/02/16 20:29:34 - mmengine - INFO - Epoch(train)    [7][2200/3125]  lr: 1.0000e-09  eta: 13:16:34  time: 0.0079  data_time: 0.0003  memory: 253  loss: 2.2268
2024/02/16 20:29:35 - mmengine - INFO - Exp name: pinet_resnet14_8xb16_cifar10_wout_bn_wout_pooling_constant_lr_20240216_202634
2024/02/16 20:29:35 - mmengine - INFO - Epoch(train)    [7][2300/3125]  lr: 1.0000e-09  eta: 13:16:38  time: 0.0080  data_time: 0.0003  memory: 253  loss: 2.1541
2024/02/16 20:29:36 - mmengine - INFO - Epoch(train)    [7][2400/3125]  lr: 1.0000e-09  eta: 13:16:44  time: 0.0080  data_time: 0.0003  memory: 253  loss: 2.1622
2024/02/16 20:29:37 - mmengine - INFO - Epoch(train)    [7][2500/3125]  lr: 1.0000e-09  eta: 13:16:44  time: 0.0076  data_time: 0.0003  memory: 253  loss: 2.1732
2024/02/16 20:29:38 - mmengine - INFO - Epoch(train)    [7][2600/3125]  lr: 1.0000e-09  eta: 13:16:41  time: 0.0076  data_time: 0.0003  memory: 253  loss: 2.2083
2024/02/16 20:29:38 - mmengine - INFO - Epoch(train)    [7][2700/3125]  lr: 1.0000e-09  eta: 13:16:27  time: 0.0076  data_time: 0.0003  memory: 253  loss: 2.1447
2024/02/16 20:29:39 - mmengine - INFO - Epoch(train)    [7][2800/3125]  lr: 1.0000e-09  eta: 13:16:25  time: 0.0077  data_time: 0.0003  memory: 253  loss: 2.1345
2024/02/16 20:29:40 - mmengine - INFO - Epoch(train)    [7][2900/3125]  lr: 1.0000e-09  eta: 13:16:28  time: 0.0078  data_time: 0.0003  memory: 253  loss: 2.1692
2024/02/16 20:29:41 - mmengine - INFO - Epoch(train)    [7][3000/3125]  lr: 1.0000e-09  eta: 13:16:30  time: 0.0077  data_time: 0.0003  memory: 253  loss: 2.2022
2024/02/16 20:29:41 - mmengine - INFO - Epoch(train)    [7][3100/3125]  lr: 1.0000e-09  eta: 13:16:34  time: 0.0080  data_time: 0.0003  memory: 253  loss: 2.1508
2024/02/16 20:29:42 - mmengine - INFO - Exp name: pinet_resnet14_8xb16_cifar10_wout_bn_wout_pooling_constant_lr_20240216_202634
2024/02/16 20:29:42 - mmengine - INFO - Saving checkpoint at 7 epochs
2024/02/16 20:29:42 - mmengine - INFO - Epoch(val)    [7][100/625]    eta: 0:00:01  time: 0.0023  data_time: 0.0001  memory: 253  
2024/02/16 20:29:42 - mmengine - INFO - Epoch(val)    [7][200/625]    eta: 0:00:00  time: 0.0023  data_time: 0.0001  memory: 93  
2024/02/16 20:29:43 - mmengine - INFO - Epoch(val)    [7][300/625]    eta: 0:00:00  time: 0.0023  data_time: 0.0001  memory: 93  
2024/02/16 20:29:43 - mmengine - INFO - Epoch(val)    [7][400/625]    eta: 0:00:00  time: 0.0023  data_time: 0.0001  memory: 93  
2024/02/16 20:29:43 - mmengine - INFO - Epoch(val)    [7][500/625]    eta: 0:00:00  time: 0.0023  data_time: 0.0001  memory: 93  
2024/02/16 20:29:43 - mmengine - INFO - Epoch(val)    [7][600/625]    eta: 0:00:00  time: 0.0023  data_time: 0.0001  memory: 93  
2024/02/16 20:29:43 - mmengine - INFO - Epoch(val) [7][625/625]    accuracy/top1: 26.1100  data_time: 0.0001  time: 0.0023
2024/02/16 20:29:44 - mmengine - INFO - Epoch(train)    [8][ 100/3125]  lr: 1.0000e-09  eta: 13:16:05  time: 0.0065  data_time: 0.0002  memory: 253  loss: 2.2413
2024/02/16 20:29:44 - mmengine - INFO - Exp name: pinet_resnet14_8xb16_cifar10_wout_bn_wout_pooling_constant_lr_20240216_202634
2024/02/16 20:29:45 - mmengine - INFO - Epoch(train)    [8][ 200/3125]  lr: 1.0000e-09  eta: 13:15:32  time: 0.0065  data_time: 0.0001  memory: 253  loss: 2.1520
2024/02/16 20:29:46 - mmengine - INFO - Epoch(train)    [8][ 300/3125]  lr: 1.0000e-09  eta: 13:15:36  time: 0.0083  data_time: 0.0003  memory: 253  loss: 2.1689
2024/02/16 20:29:46 - mmengine - INFO - Epoch(train)    [8][ 400/3125]  lr: 1.0000e-09  eta: 13:15:43  time: 0.0076  data_time: 0.0003  memory: 253  loss: 2.1821
2024/02/16 20:29:47 - mmengine - INFO - Epoch(train)    [8][ 500/3125]  lr: 1.0000e-09  eta: 13:15:50  time: 0.0084  data_time: 0.0003  memory: 253  loss: 2.2985
2024/02/16 20:29:48 - mmengine - INFO - Epoch(train)    [8][ 600/3125]  lr: 1.0000e-09  eta: 13:15:55  time: 0.0078  data_time: 0.0003  memory: 253  loss: 2.2208
2024/02/16 20:29:49 - mmengine - INFO - Epoch(train)    [8][ 700/3125]  lr: 1.0000e-09  eta: 13:16:04  time: 0.0076  data_time: 0.0003  memory: 253  loss: 2.2198
2024/02/16 20:29:50 - mmengine - INFO - Epoch(train)    [8][ 800/3125]  lr: 1.0000e-09  eta: 13:16:07  time: 0.0075  data_time: 0.0003  memory: 253  loss: 2.1584
2024/02/16 20:29:50 - mmengine - INFO - Epoch(train)    [8][ 900/3125]  lr: 1.0000e-09  eta: 13:16:12  time: 0.0080  data_time: 0.0003  memory: 253  loss: 2.1312
2024/02/16 20:29:51 - mmengine - INFO - Epoch(train)    [8][1000/3125]  lr: 1.0000e-09  eta: 13:16:20  time: 0.0083  data_time: 0.0003  memory: 253  loss: 2.1158
2024/02/16 20:29:52 - mmengine - INFO - Epoch(train)    [8][1100/3125]  lr: 1.0000e-09  eta: 13:16:24  time: 0.0080  data_time: 0.0003  memory: 253  loss: 2.1555
2024/02/16 20:29:52 - mmengine - INFO - Exp name: pinet_resnet14_8xb16_cifar10_wout_bn_wout_pooling_constant_lr_20240216_202634
2024/02/16 20:29:53 - mmengine - INFO - Epoch(train)    [8][1200/3125]  lr: 1.0000e-09  eta: 13:16:28  time: 0.0078  data_time: 0.0003  memory: 253  loss: 2.1480
2024/02/16 20:29:53 - mmengine - INFO - Epoch(train)    [8][1300/3125]  lr: 1.0000e-09  eta: 13:16:26  time: 0.0075  data_time: 0.0003  memory: 253  loss: 2.2146
2024/02/16 20:29:54 - mmengine - INFO - Epoch(train)    [8][1400/3125]  lr: 1.0000e-09  eta: 13:16:25  time: 0.0075  data_time: 0.0003  memory: 253  loss: 2.1306
2024/02/16 20:29:55 - mmengine - INFO - Epoch(train)    [8][1500/3125]  lr: 1.0000e-09  eta: 13:16:25  time: 0.0077  data_time: 0.0003  memory: 253  loss: 2.1772
2024/02/16 20:29:56 - mmengine - INFO - Epoch(train)    [8][1600/3125]  lr: 1.0000e-09  eta: 13:16:26  time: 0.0075  data_time: 0.0003  memory: 253  loss: 2.2358
2024/02/16 20:29:56 - mmengine - INFO - Epoch(train)    [8][1700/3125]  lr: 1.0000e-09  eta: 13:15:55  time: 0.0065  data_time: 0.0002  memory: 253  loss: 2.1392
2024/02/16 20:29:57 - mmengine - INFO - Epoch(train)    [8][1800/3125]  lr: 1.0000e-09  eta: 13:15:26  time: 0.0065  data_time: 0.0002  memory: 253  loss: 2.1662
2024/02/16 20:29:58 - mmengine - INFO - Epoch(train)    [8][1900/3125]  lr: 1.0000e-09  eta: 13:14:59  time: 0.0066  data_time: 0.0002  memory: 253  loss: 2.2084
2024/02/16 20:29:58 - mmengine - INFO - Epoch(train)    [8][2000/3125]  lr: 1.0000e-09  eta: 13:14:35  time: 0.0065  data_time: 0.0002  memory: 253  loss: 2.2124
2024/02/16 20:29:59 - mmengine - INFO - Epoch(train)    [8][2100/3125]  lr: 1.0000e-09  eta: 13:14:25  time: 0.0079  data_time: 0.0003  memory: 253  loss: 2.1266
2024/02/16 20:29:59 - mmengine - INFO - Exp name: pinet_resnet14_8xb16_cifar10_wout_bn_wout_pooling_constant_lr_20240216_202634
2024/02/16 20:30:00 - mmengine - INFO - Epoch(train)    [8][2200/3125]  lr: 1.0000e-09  eta: 13:14:26  time: 0.0080  data_time: 0.0003  memory: 253  loss: 2.2348
2024/02/16 20:30:01 - mmengine - INFO - Epoch(train)    [8][2300/3125]  lr: 1.0000e-09  eta: 13:14:34  time: 0.0081  data_time: 0.0003  memory: 253  loss: 2.2308
2024/02/16 20:30:02 - mmengine - INFO - Epoch(train)    [8][2400/3125]  lr: 1.0000e-09  eta: 13:14:34  time: 0.0076  data_time: 0.0003  memory: 253  loss: 2.1442
2024/02/16 20:30:02 - mmengine - INFO - Epoch(train)    [8][2500/3125]  lr: 1.0000e-09  eta: 13:14:38  time: 0.0078  data_time: 0.0003  memory: 253  loss: 2.1214
2024/02/16 20:30:03 - mmengine - INFO - Epoch(train)    [8][2600/3125]  lr: 1.0000e-09  eta: 13:14:44  time: 0.0078  data_time: 0.0003  memory: 253  loss: 2.1154
2024/02/16 20:30:04 - mmengine - INFO - Epoch(train)    [8][2700/3125]  lr: 1.0000e-09  eta: 13:14:45  time: 0.0077  data_time: 0.0003  memory: 253  loss: 2.1539
2024/02/16 20:30:05 - mmengine - INFO - Epoch(train)    [8][2800/3125]  lr: 1.0000e-09  eta: 13:14:32  time: 0.0065  data_time: 0.0002  memory: 253  loss: 2.2836
2024/02/16 20:30:05 - mmengine - INFO - Epoch(train)    [8][2900/3125]  lr: 1.0000e-09  eta: 13:14:25  time: 0.0077  data_time: 0.0003  memory: 253  loss: 2.0978
2024/02/16 20:30:06 - mmengine - INFO - Epoch(train)    [8][3000/3125]  lr: 1.0000e-09  eta: 13:14:28  time: 0.0079  data_time: 0.0003  memory: 253  loss: 2.2042
2024/02/16 20:30:07 - mmengine - INFO - Epoch(train)    [8][3100/3125]  lr: 1.0000e-09  eta: 13:14:29  time: 0.0076  data_time: 0.0003  memory: 253  loss: 2.1790
2024/02/16 20:30:07 - mmengine - INFO - Exp name: pinet_resnet14_8xb16_cifar10_wout_bn_wout_pooling_constant_lr_20240216_202634
2024/02/16 20:30:07 - mmengine - INFO - Saving checkpoint at 8 epochs
2024/02/16 20:30:08 - mmengine - INFO - Epoch(val)    [8][100/625]    eta: 0:00:01  time: 0.0023  data_time: 0.0001  memory: 253  
2024/02/16 20:30:08 - mmengine - INFO - Epoch(val)    [8][200/625]    eta: 0:00:01  time: 0.0024  data_time: 0.0001  memory: 93  
2024/02/16 20:30:08 - mmengine - INFO - Epoch(val)    [8][300/625]    eta: 0:00:00  time: 0.0023  data_time: 0.0001  memory: 93  
2024/02/16 20:30:08 - mmengine - INFO - Epoch(val)    [8][400/625]    eta: 0:00:00  time: 0.0023  data_time: 0.0001  memory: 93  
2024/02/16 20:30:09 - mmengine - INFO - Epoch(val)    [8][500/625]    eta: 0:00:00  time: 0.0023  data_time: 0.0001  memory: 93  
2024/02/16 20:30:09 - mmengine - INFO - Epoch(val)    [8][600/625]    eta: 0:00:00  time: 0.0024  data_time: 0.0001  memory: 93  
2024/02/16 20:30:09 - mmengine - INFO - Epoch(val) [8][625/625]    accuracy/top1: 26.6900  data_time: 0.0001  time: 0.0023
2024/02/16 20:30:10 - mmengine - INFO - Epoch(train)    [9][ 100/3125]  lr: 1.0000e-09  eta: 13:14:14  time: 0.0077  data_time: 0.0003  memory: 253  loss: 2.1461
2024/02/16 20:30:11 - mmengine - INFO - Epoch(train)    [9][ 200/3125]  lr: 1.0000e-09  eta: 13:14:14  time: 0.0077  data_time: 0.0003  memory: 253  loss: 2.1837
2024/02/16 20:30:11 - mmengine - INFO - Epoch(train)    [9][ 300/3125]  lr: 1.0000e-09  eta: 13:14:16  time: 0.0078  data_time: 0.0003  memory: 253  loss: 2.2059
2024/02/16 20:30:12 - mmengine - INFO - Epoch(train)    [9][ 400/3125]  lr: 1.0000e-09  eta: 13:14:24  time: 0.0080  data_time: 0.0003  memory: 253  loss: 2.1802
2024/02/16 20:30:13 - mmengine - INFO - Epoch(train)    [9][ 500/3125]  lr: 1.0000e-09  eta: 13:14:33  time: 0.0080  data_time: 0.0003  memory: 253  loss: 2.1727
2024/02/16 20:30:14 - mmengine - INFO - Epoch(train)    [9][ 600/3125]  lr: 1.0000e-09  eta: 13:14:41  time: 0.0080  data_time: 0.0003  memory: 253  loss: 2.2094
2024/02/16 20:30:15 - mmengine - INFO - Epoch(train)    [9][ 700/3125]  lr: 1.0000e-09  eta: 13:14:46  time: 0.0077  data_time: 0.0003  memory: 253  loss: 2.1405
2024/02/16 20:30:15 - mmengine - INFO - Epoch(train)    [9][ 800/3125]  lr: 1.0000e-09  eta: 13:14:45  time: 0.0076  data_time: 0.0003  memory: 253  loss: 2.1704
2024/02/16 20:30:16 - mmengine - INFO - Epoch(train)    [9][ 900/3125]  lr: 1.0000e-09  eta: 13:14:51  time: 0.0082  data_time: 0.0003  memory: 253  loss: 2.0583
2024/02/16 20:30:17 - mmengine - INFO - Exp name: pinet_resnet14_8xb16_cifar10_wout_bn_wout_pooling_constant_lr_20240216_202634
2024/02/16 20:30:17 - mmengine - INFO - Epoch(train)    [9][1000/3125]  lr: 1.0000e-09  eta: 13:14:58  time: 0.0079  data_time: 0.0003  memory: 253  loss: 2.1761
2024/02/16 20:30:18 - mmengine - INFO - Epoch(train)    [9][1100/3125]  lr: 1.0000e-09  eta: 13:15:05  time: 0.0081  data_time: 0.0003  memory: 253  loss: 2.0996
2024/02/16 20:30:19 - mmengine - INFO - Epoch(train)    [9][1200/3125]  lr: 1.0000e-09  eta: 13:15:11  time: 0.0080  data_time: 0.0003  memory: 253  loss: 2.1815
2024/02/16 20:30:19 - mmengine - INFO - Epoch(train)    [9][1300/3125]  lr: 1.0000e-09  eta: 13:15:18  time: 0.0080  data_time: 0.0003  memory: 253  loss: 2.1694
2024/02/16 20:30:20 - mmengine - INFO - Epoch(train)    [9][1400/3125]  lr: 1.0000e-09  eta: 13:15:24  time: 0.0077  data_time: 0.0003  memory: 253  loss: 2.2093
2024/02/16 20:30:21 - mmengine - INFO - Epoch(train)    [9][1500/3125]  lr: 1.0000e-09  eta: 13:15:27  time: 0.0081  data_time: 0.0003  memory: 253  loss: 2.2921
2024/02/16 20:30:22 - mmengine - INFO - Epoch(train)    [9][1600/3125]  lr: 1.0000e-09  eta: 13:15:34  time: 0.0079  data_time: 0.0003  memory: 253  loss: 2.1544
2024/02/16 20:30:22 - mmengine - INFO - Epoch(train)    [9][1700/3125]  lr: 1.0000e-09  eta: 13:15:39  time: 0.0076  data_time: 0.0003  memory: 253  loss: 2.2140
2024/02/16 20:30:23 - mmengine - INFO - Epoch(train)    [9][1800/3125]  lr: 1.0000e-09  eta: 13:15:41  time: 0.0080  data_time: 0.0003  memory: 253  loss: 2.1095
2024/02/16 20:30:24 - mmengine - INFO - Epoch(train)    [9][1900/3125]  lr: 1.0000e-09  eta: 13:15:43  time: 0.0076  data_time: 0.0003  memory: 253  loss: 2.1916
2024/02/16 20:30:25 - mmengine - INFO - Exp name: pinet_resnet14_8xb16_cifar10_wout_bn_wout_pooling_constant_lr_20240216_202634
2024/02/16 20:30:25 - mmengine - INFO - Epoch(train)    [9][2000/3125]  lr: 1.0000e-09  eta: 13:15:45  time: 0.0081  data_time: 0.0003  memory: 253  loss: 2.1901
2024/02/16 20:30:26 - mmengine - INFO - Epoch(train)    [9][2100/3125]  lr: 1.0000e-09  eta: 13:15:48  time: 0.0078  data_time: 0.0003  memory: 253  loss: 2.1970
2024/02/16 20:30:26 - mmengine - INFO - Epoch(train)    [9][2200/3125]  lr: 1.0000e-09  eta: 13:15:51  time: 0.0079  data_time: 0.0003  memory: 253  loss: 2.1579
2024/02/16 20:30:27 - mmengine - INFO - Epoch(train)    [9][2300/3125]  lr: 1.0000e-09  eta: 13:15:53  time: 0.0077  data_time: 0.0003  memory: 253  loss: 2.1555
2024/02/16 20:30:28 - mmengine - INFO - Epoch(train)    [9][2400/3125]  lr: 1.0000e-09  eta: 13:15:57  time: 0.0078  data_time: 0.0003  memory: 253  loss: 2.1975
2024/02/16 20:30:29 - mmengine - INFO - Epoch(train)    [9][2500/3125]  lr: 1.0000e-09  eta: 13:15:59  time: 0.0079  data_time: 0.0003  memory: 253  loss: 2.1519
2024/02/16 20:30:30 - mmengine - INFO - Epoch(train)    [9][2600/3125]  lr: 1.0000e-09  eta: 13:16:05  time: 0.0081  data_time: 0.0003  memory: 253  loss: 2.1671
2024/02/16 20:30:30 - mmengine - INFO - Epoch(train)    [9][2700/3125]  lr: 1.0000e-09  eta: 13:16:04  time: 0.0078  data_time: 0.0003  memory: 253  loss: 2.1367
2024/02/16 20:30:31 - mmengine - INFO - Epoch(train)    [9][2800/3125]  lr: 1.0000e-09  eta: 13:16:03  time: 0.0078  data_time: 0.0003  memory: 253  loss: 2.1394
2024/02/16 20:30:32 - mmengine - INFO - Epoch(train)    [9][2900/3125]  lr: 1.0000e-09  eta: 13:15:48  time: 0.0078  data_time: 0.0003  memory: 253  loss: 2.1489
2024/02/16 20:30:33 - mmengine - INFO - Exp name: pinet_resnet14_8xb16_cifar10_wout_bn_wout_pooling_constant_lr_20240216_202634
2024/02/16 20:30:33 - mmengine - INFO - Epoch(train)    [9][3000/3125]  lr: 1.0000e-09  eta: 13:15:50  time: 0.0079  data_time: 0.0003  memory: 253  loss: 2.1415
2024/02/16 20:30:33 - mmengine - INFO - Epoch(train)    [9][3100/3125]  lr: 1.0000e-09  eta: 13:15:53  time: 0.0076  data_time: 0.0003  memory: 253  loss: 2.1885
2024/02/16 20:30:34 - mmengine - INFO - Exp name: pinet_resnet14_8xb16_cifar10_wout_bn_wout_pooling_constant_lr_20240216_202634
2024/02/16 20:30:34 - mmengine - INFO - Saving checkpoint at 9 epochs
2024/02/16 20:30:34 - mmengine - INFO - Epoch(val)    [9][100/625]    eta: 0:00:01  time: 0.0023  data_time: 0.0001  memory: 253  
2024/02/16 20:30:34 - mmengine - INFO - Epoch(val)    [9][200/625]    eta: 0:00:01  time: 0.0023  data_time: 0.0001  memory: 93  
2024/02/16 20:30:35 - mmengine - INFO - Epoch(val)    [9][300/625]    eta: 0:00:00  time: 0.0023  data_time: 0.0001  memory: 93  
2024/02/16 20:30:35 - mmengine - INFO - Epoch(val)    [9][400/625]    eta: 0:00:00  time: 0.0023  data_time: 0.0001  memory: 93  
2024/02/16 20:30:35 - mmengine - INFO - Epoch(val)    [9][500/625]    eta: 0:00:00  time: 0.0023  data_time: 0.0001  memory: 93  
2024/02/16 20:30:35 - mmengine - INFO - Epoch(val)    [9][600/625]    eta: 0:00:00  time: 0.0023  data_time: 0.0001  memory: 93  
2024/02/16 20:30:36 - mmengine - INFO - Epoch(val) [9][625/625]    accuracy/top1: 27.9600  data_time: 0.0001  time: 0.0024
2024/02/16 20:30:36 - mmengine - INFO - Epoch(train)   [10][ 100/3125]  lr: 1.0000e-09  eta: 13:15:30  time: 0.0065  data_time: 0.0002  memory: 253  loss: 2.1266
2024/02/16 20:30:37 - mmengine - INFO - Epoch(train)   [10][ 200/3125]  lr: 1.0000e-09  eta: 13:15:04  time: 0.0065  data_time: 0.0002  memory: 253  loss: 2.2314
2024/02/16 20:30:38 - mmengine - INFO - Epoch(train)   [10][ 300/3125]  lr: 1.0000e-09  eta: 13:14:38  time: 0.0065  data_time: 0.0002  memory: 253  loss: 2.1040
2024/02/16 20:30:38 - mmengine - INFO - Epoch(train)   [10][ 400/3125]  lr: 1.0000e-09  eta: 13:14:12  time: 0.0065  data_time: 0.0002  memory: 253  loss: 2.2224
2024/02/16 20:30:39 - mmengine - INFO - Epoch(train)   [10][ 500/3125]  lr: 1.0000e-09  eta: 13:13:47  time: 0.0065  data_time: 0.0002  memory: 253  loss: 2.1514
2024/02/16 20:30:39 - mmengine - INFO - Epoch(train)   [10][ 600/3125]  lr: 1.0000e-09  eta: 13:13:22  time: 0.0065  data_time: 0.0002  memory: 253  loss: 2.1363
2024/02/16 20:30:40 - mmengine - INFO - Epoch(train)   [10][ 700/3125]  lr: 1.0000e-09  eta: 13:12:56  time: 0.0065  data_time: 0.0002  memory: 253  loss: 2.2187
2024/02/16 20:30:41 - mmengine - INFO - Epoch(train)   [10][ 800/3125]  lr: 1.0000e-09  eta: 13:12:32  time: 0.0065  data_time: 0.0002  memory: 253  loss: 2.0880
2024/02/16 20:30:41 - mmengine - INFO - Exp name: pinet_resnet14_8xb16_cifar10_wout_bn_wout_pooling_constant_lr_20240216_202634
2024/02/16 20:30:41 - mmengine - INFO - Epoch(train)   [10][ 900/3125]  lr: 1.0000e-09  eta: 13:12:07  time: 0.0065  data_time: 0.0002  memory: 253  loss: 2.2280
2024/02/16 20:30:42 - mmengine - INFO - Epoch(train)   [10][1000/3125]  lr: 1.0000e-09  eta: 13:11:42  time: 0.0065  data_time: 0.0002  memory: 253  loss: 2.1494
2024/02/16 20:30:43 - mmengine - INFO - Epoch(train)   [10][1100/3125]  lr: 1.0000e-09  eta: 13:11:18  time: 0.0065  data_time: 0.0002  memory: 253  loss: 2.2069
2024/02/16 20:30:43 - mmengine - INFO - Epoch(train)   [10][1200/3125]  lr: 1.0000e-09  eta: 13:10:53  time: 0.0065  data_time: 0.0002  memory: 253  loss: 2.1649
2024/02/16 20:30:44 - mmengine - INFO - Epoch(train)   [10][1300/3125]  lr: 1.0000e-09  eta: 13:10:29  time: 0.0065  data_time: 0.0002  memory: 253  loss: 2.1079
2024/02/16 20:30:45 - mmengine - INFO - Epoch(train)   [10][1400/3125]  lr: 1.0000e-09  eta: 13:10:05  time: 0.0065  data_time: 0.0002  memory: 253  loss: 2.1773
2024/02/16 20:30:45 - mmengine - INFO - Epoch(train)   [10][1500/3125]  lr: 1.0000e-09  eta: 13:10:06  time: 0.0076  data_time: 0.0003  memory: 253  loss: 2.1714
2024/02/16 20:30:46 - mmengine - INFO - Epoch(train)   [10][1600/3125]  lr: 1.0000e-09  eta: 13:10:09  time: 0.0078  data_time: 0.0003  memory: 253  loss: 2.1585
2024/02/16 20:30:47 - mmengine - INFO - Epoch(train)   [10][1700/3125]  lr: 1.0000e-09  eta: 13:10:12  time: 0.0078  data_time: 0.0003  memory: 253  loss: 2.1402
2024/02/16 20:30:48 - mmengine - INFO - Epoch(train)   [10][1800/3125]  lr: 1.0000e-09  eta: 13:10:15  time: 0.0079  data_time: 0.0003  memory: 253  loss: 2.0865
2024/02/16 20:30:48 - mmengine - INFO - Exp name: pinet_resnet14_8xb16_cifar10_wout_bn_wout_pooling_constant_lr_20240216_202634
2024/02/16 20:30:49 - mmengine - INFO - Epoch(train)   [10][1900/3125]  lr: 1.0000e-09  eta: 13:10:20  time: 0.0076  data_time: 0.0003  memory: 253  loss: 2.1465
2024/02/16 20:30:49 - mmengine - INFO - Epoch(train)   [10][2000/3125]  lr: 1.0000e-09  eta: 13:10:24  time: 0.0075  data_time: 0.0003  memory: 253  loss: 2.1733
2024/02/16 20:30:50 - mmengine - INFO - Epoch(train)   [10][2100/3125]  lr: 1.0000e-09  eta: 13:10:26  time: 0.0076  data_time: 0.0003  memory: 253  loss: 2.2564
2024/02/16 20:30:51 - mmengine - INFO - Epoch(train)   [10][2200/3125]  lr: 1.0000e-09  eta: 13:10:30  time: 0.0079  data_time: 0.0003  memory: 253  loss: 2.1020
2024/02/16 20:30:52 - mmengine - INFO - Epoch(train)   [10][2300/3125]  lr: 1.0000e-09  eta: 13:10:34  time: 0.0076  data_time: 0.0003  memory: 253  loss: 2.1092
2024/02/16 20:30:53 - mmengine - INFO - Epoch(train)   [10][2400/3125]  lr: 1.0000e-09  eta: 13:10:37  time: 0.0080  data_time: 0.0003  memory: 253  loss: 2.1168
2024/02/16 20:30:53 - mmengine - INFO - Epoch(train)   [10][2500/3125]  lr: 1.0000e-09  eta: 13:10:41  time: 0.0078  data_time: 0.0003  memory: 253  loss: 2.1586
2024/02/16 20:30:54 - mmengine - INFO - Epoch(train)   [10][2600/3125]  lr: 1.0000e-09  eta: 13:10:45  time: 0.0076  data_time: 0.0003  memory: 253  loss: 2.1302
2024/02/16 20:30:55 - mmengine - INFO - Epoch(train)   [10][2700/3125]  lr: 1.0000e-09  eta: 13:10:41  time: 0.0068  data_time: 0.0002  memory: 253  loss: 2.0689
2024/02/16 20:30:56 - mmengine - INFO - Epoch(train)   [10][2800/3125]  lr: 1.0000e-09  eta: 13:10:29  time: 0.0081  data_time: 0.0003  memory: 253  loss: 2.1544
2024/02/16 20:30:56 - mmengine - INFO - Exp name: pinet_resnet14_8xb16_cifar10_wout_bn_wout_pooling_constant_lr_20240216_202634
2024/02/16 20:30:56 - mmengine - INFO - Epoch(train)   [10][2900/3125]  lr: 1.0000e-09  eta: 13:10:38  time: 0.0082  data_time: 0.0003  memory: 253  loss: 2.1993
2024/02/16 20:30:57 - mmengine - INFO - Epoch(train)   [10][3000/3125]  lr: 1.0000e-09  eta: 13:10:44  time: 0.0077  data_time: 0.0003  memory: 253  loss: 2.2295
2024/02/16 20:30:58 - mmengine - INFO - Epoch(train)   [10][3100/3125]  lr: 1.0000e-09  eta: 13:10:29  time: 0.0066  data_time: 0.0002  memory: 253  loss: 2.1259
2024/02/16 20:30:58 - mmengine - INFO - Exp name: pinet_resnet14_8xb16_cifar10_wout_bn_wout_pooling_constant_lr_20240216_202634
2024/02/16 20:30:58 - mmengine - INFO - Saving checkpoint at 10 epochs
2024/02/16 20:30:59 - mmengine - INFO - Epoch(val)   [10][100/625]    eta: 0:00:01  time: 0.0024  data_time: 0.0001  memory: 253  
2024/02/16 20:30:59 - mmengine - INFO - Epoch(val)   [10][200/625]    eta: 0:00:01  time: 0.0024  data_time: 0.0001  memory: 93  
2024/02/16 20:30:59 - mmengine - INFO - Epoch(val)   [10][300/625]    eta: 0:00:00  time: 0.0024  data_time: 0.0001  memory: 93  
2024/02/16 20:30:59 - mmengine - INFO - Epoch(val)   [10][400/625]    eta: 0:00:00  time: 0.0024  data_time: 0.0001  memory: 93  
2024/02/16 20:31:00 - mmengine - INFO - Epoch(val)   [10][500/625]    eta: 0:00:00  time: 0.0024  data_time: 0.0001  memory: 93  
2024/02/16 20:31:00 - mmengine - INFO - Epoch(val)   [10][600/625]    eta: 0:00:00  time: 0.0023  data_time: 0.0001  memory: 93  
2024/02/16 20:31:00 - mmengine - INFO - Epoch(val) [10][625/625]    accuracy/top1: 28.6500  data_time: 0.0001  time: 0.0024
2024/02/16 20:31:01 - mmengine - INFO - Epoch(train)   [11][ 100/3125]  lr: 1.0000e-09  eta: 13:10:12  time: 0.0069  data_time: 0.0002  memory: 253  loss: 2.1807
2024/02/16 20:31:01 - mmengine - INFO - Epoch(train)   [11][ 200/3125]  lr: 1.0000e-09  eta: 13:10:10  time: 0.0085  data_time: 0.0003  memory: 253  loss: 2.1634
2024/02/16 20:31:02 - mmengine - INFO - Epoch(train)   [11][ 300/3125]  lr: 1.0000e-09  eta: 13:10:25  time: 0.0085  data_time: 0.0003  memory: 253  loss: 2.1025
2024/02/16 20:31:03 - mmengine - INFO - Epoch(train)   [11][ 400/3125]  lr: 1.0000e-09  eta: 13:10:25  time: 0.0078  data_time: 0.0003  memory: 253  loss: 2.1074
2024/02/16 20:31:04 - mmengine - INFO - Epoch(train)   [11][ 500/3125]  lr: 1.0000e-09  eta: 13:10:15  time: 0.0077  data_time: 0.0003  memory: 253  loss: 2.2112
2024/02/16 20:31:05 - mmengine - INFO - Epoch(train)   [11][ 600/3125]  lr: 1.0000e-09  eta: 13:10:06  time: 0.0068  data_time: 0.0002  memory: 253  loss: 2.1494
2024/02/16 20:31:05 - mmengine - INFO - Epoch(train)   [11][ 700/3125]  lr: 1.0000e-09  eta: 13:10:03  time: 0.0077  data_time: 0.0003  memory: 253  loss: 2.1199
2024/02/16 20:31:06 - mmengine - INFO - Exp name: pinet_resnet14_8xb16_cifar10_wout_bn_wout_pooling_constant_lr_20240216_202634
2024/02/16 20:31:06 - mmengine - INFO - Epoch(train)   [11][ 800/3125]  lr: 1.0000e-09  eta: 13:10:06  time: 0.0079  data_time: 0.0003  memory: 253  loss: 2.1015
2024/02/16 20:31:07 - mmengine - INFO - Epoch(train)   [11][ 900/3125]  lr: 1.0000e-09  eta: 13:10:09  time: 0.0077  data_time: 0.0003  memory: 253  loss: 2.0981
2024/02/16 20:31:08 - mmengine - INFO - Epoch(train)   [11][1000/3125]  lr: 1.0000e-09  eta: 13:10:17  time: 0.0087  data_time: 0.0004  memory: 253  loss: 2.1404
2024/02/16 20:31:08 - mmengine - INFO - Epoch(train)   [11][1100/3125]  lr: 1.0000e-09  eta: 13:10:21  time: 0.0086  data_time: 0.0004  memory: 253  loss: 2.3216
2024/02/16 20:31:09 - mmengine - INFO - Epoch(train)   [11][1200/3125]  lr: 1.0000e-09  eta: 13:10:27  time: 0.0077  data_time: 0.0003  memory: 253  loss: 2.0800
2024/02/16 20:31:10 - mmengine - INFO - Epoch(train)   [11][1300/3125]  lr: 1.0000e-09  eta: 13:10:32  time: 0.0079  data_time: 0.0003  memory: 253  loss: 2.1189
2024/02/16 20:31:11 - mmengine - INFO - Epoch(train)   [11][1400/3125]  lr: 1.0000e-09  eta: 13:10:35  time: 0.0079  data_time: 0.0003  memory: 253  loss: 2.1244
2024/02/16 20:31:12 - mmengine - INFO - Epoch(train)   [11][1500/3125]  lr: 1.0000e-09  eta: 13:10:43  time: 0.0081  data_time: 0.0003  memory: 253  loss: 2.1524
2024/02/16 20:31:12 - mmengine - INFO - Epoch(train)   [11][1600/3125]  lr: 1.0000e-09  eta: 13:10:52  time: 0.0082  data_time: 0.0003  memory: 253  loss: 2.1957
2024/02/16 20:31:13 - mmengine - INFO - Epoch(train)   [11][1700/3125]  lr: 1.0000e-09  eta: 13:10:57  time: 0.0079  data_time: 0.0003  memory: 253  loss: 2.1936
2024/02/16 20:31:14 - mmengine - INFO - Exp name: pinet_resnet14_8xb16_cifar10_wout_bn_wout_pooling_constant_lr_20240216_202634
2024/02/16 20:31:14 - mmengine - INFO - Epoch(train)   [11][1800/3125]  lr: 1.0000e-09  eta: 13:11:02  time: 0.0082  data_time: 0.0003  memory: 253  loss: 2.1130
2024/02/16 20:31:15 - mmengine - INFO - Epoch(train)   [11][1900/3125]  lr: 1.0000e-09  eta: 13:11:09  time: 0.0081  data_time: 0.0003  memory: 253  loss: 2.1544
2024/02/16 20:31:16 - mmengine - INFO - Epoch(train)   [11][2000/3125]  lr: 1.0000e-09  eta: 13:11:15  time: 0.0078  data_time: 0.0003  memory: 253  loss: 2.1114
2024/02/16 20:31:16 - mmengine - INFO - Epoch(train)   [11][2100/3125]  lr: 1.0000e-09  eta: 13:11:20  time: 0.0085  data_time: 0.0003  memory: 253  loss: 2.1699
2024/02/16 20:31:17 - mmengine - INFO - Epoch(train)   [11][2200/3125]  lr: 1.0000e-09  eta: 13:11:25  time: 0.0080  data_time: 0.0003  memory: 253  loss: 2.1634
2024/02/16 20:31:18 - mmengine - INFO - Epoch(train)   [11][2300/3125]  lr: 1.0000e-09  eta: 13:11:30  time: 0.0080  data_time: 0.0003  memory: 253  loss: 2.1467
2024/02/16 20:31:19 - mmengine - INFO - Epoch(train)   [11][2400/3125]  lr: 1.0000e-09  eta: 13:11:33  time: 0.0079  data_time: 0.0003  memory: 253  loss: 2.1101
2024/02/16 20:31:20 - mmengine - INFO - Epoch(train)   [11][2500/3125]  lr: 1.0000e-09  eta: 13:11:38  time: 0.0080  data_time: 0.0003  memory: 253  loss: 2.2497
2024/02/16 20:31:20 - mmengine - INFO - Epoch(train)   [11][2600/3125]  lr: 1.0000e-09  eta: 13:11:45  time: 0.0080  data_time: 0.0003  memory: 253  loss: 2.3363
2024/02/16 20:31:21 - mmengine - INFO - Epoch(train)   [11][2700/3125]  lr: 1.0000e-09  eta: 13:11:46  time: 0.0085  data_time: 0.0003  memory: 253  loss: 2.1683
2024/02/16 20:31:22 - mmengine - INFO - Exp name: pinet_resnet14_8xb16_cifar10_wout_bn_wout_pooling_constant_lr_20240216_202634
2024/02/16 20:31:22 - mmengine - INFO - Epoch(train)   [11][2800/3125]  lr: 1.0000e-09  eta: 13:11:54  time: 0.0082  data_time: 0.0003  memory: 253  loss: 2.1131
2024/02/16 20:31:23 - mmengine - INFO - Epoch(train)   [11][2900/3125]  lr: 1.0000e-09  eta: 13:12:02  time: 0.0081  data_time: 0.0003  memory: 253  loss: 2.2226
2024/02/16 20:31:24 - mmengine - INFO - Epoch(train)   [11][3000/3125]  lr: 1.0000e-09  eta: 13:12:03  time: 0.0077  data_time: 0.0003  memory: 253  loss: 2.1734
2024/02/16 20:31:24 - mmengine - INFO - Epoch(train)   [11][3100/3125]  lr: 1.0000e-09  eta: 13:12:04  time: 0.0077  data_time: 0.0003  memory: 253  loss: 2.1698
2024/02/16 20:31:25 - mmengine - INFO - Exp name: pinet_resnet14_8xb16_cifar10_wout_bn_wout_pooling_constant_lr_20240216_202634
2024/02/16 20:31:25 - mmengine - INFO - Saving checkpoint at 11 epochs
2024/02/16 20:31:25 - mmengine - INFO - Epoch(val)   [11][100/625]    eta: 0:00:01  time: 0.0024  data_time: 0.0001  memory: 253  
2024/02/16 20:31:26 - mmengine - INFO - Epoch(val)   [11][200/625]    eta: 0:00:01  time: 0.0023  data_time: 0.0001  memory: 93  
2024/02/16 20:31:26 - mmengine - INFO - Epoch(val)   [11][300/625]    eta: 0:00:00  time: 0.0023  data_time: 0.0001  memory: 93  
2024/02/16 20:31:26 - mmengine - INFO - Epoch(val)   [11][400/625]    eta: 0:00:00  time: 0.0023  data_time: 0.0001  memory: 93  
2024/02/16 20:31:26 - mmengine - INFO - Epoch(val)   [11][500/625]    eta: 0:00:00  time: 0.0024  data_time: 0.0001  memory: 93  
2024/02/16 20:31:27 - mmengine - INFO - Epoch(val)   [11][600/625]    eta: 0:00:00  time: 0.0024  data_time: 0.0001  memory: 93  
2024/02/16 20:31:27 - mmengine - INFO - Epoch(val) [11][625/625]    accuracy/top1: 28.8700  data_time: 0.0001  time: 0.0024
2024/02/16 20:31:27 - mmengine - INFO - Epoch(train)   [12][ 100/3125]  lr: 1.0000e-09  eta: 13:11:55  time: 0.0079  data_time: 0.0003  memory: 253  loss: 2.1950
2024/02/16 20:31:28 - mmengine - INFO - Epoch(train)   [12][ 200/3125]  lr: 1.0000e-09  eta: 13:11:58  time: 0.0081  data_time: 0.0003  memory: 253  loss: 2.2185
2024/02/16 20:31:29 - mmengine - INFO - Epoch(train)   [12][ 300/3125]  lr: 1.0000e-09  eta: 13:12:01  time: 0.0080  data_time: 0.0003  memory: 253  loss: 2.1530
2024/02/16 20:31:30 - mmengine - INFO - Epoch(train)   [12][ 400/3125]  lr: 1.0000e-09  eta: 13:12:03  time: 0.0078  data_time: 0.0003  memory: 253  loss: 2.0929
2024/02/16 20:31:30 - mmengine - INFO - Epoch(train)   [12][ 500/3125]  lr: 1.0000e-09  eta: 13:12:07  time: 0.0080  data_time: 0.0003  memory: 253  loss: 2.1367
2024/02/16 20:31:31 - mmengine - INFO - Epoch(train)   [12][ 600/3125]  lr: 1.0000e-09  eta: 13:12:09  time: 0.0076  data_time: 0.0003  memory: 253  loss: 2.0663
2024/02/16 20:31:31 - mmengine - INFO - Exp name: pinet_resnet14_8xb16_cifar10_wout_bn_wout_pooling_constant_lr_20240216_202634
2024/02/16 20:31:32 - mmengine - INFO - Epoch(train)   [12][ 700/3125]  lr: 1.0000e-09  eta: 13:12:13  time: 0.0078  data_time: 0.0003  memory: 253  loss: 2.1743
2024/02/16 20:31:33 - mmengine - INFO - Epoch(train)   [12][ 800/3125]  lr: 1.0000e-09  eta: 13:12:15  time: 0.0077  data_time: 0.0003  memory: 253  loss: 2.1206
2024/02/16 20:31:34 - mmengine - INFO - Epoch(train)   [12][ 900/3125]  lr: 1.0000e-09  eta: 13:12:16  time: 0.0078  data_time: 0.0003  memory: 253  loss: 2.1896
2024/02/16 20:31:34 - mmengine - INFO - Epoch(train)   [12][1000/3125]  lr: 1.0000e-09  eta: 13:12:18  time: 0.0079  data_time: 0.0003  memory: 253  loss: 2.1085
2024/02/16 20:31:35 - mmengine - INFO - Epoch(train)   [12][1100/3125]  lr: 1.0000e-09  eta: 13:12:21  time: 0.0081  data_time: 0.0003  memory: 253  loss: 2.1871
2024/02/16 20:31:36 - mmengine - INFO - Epoch(train)   [12][1200/3125]  lr: 1.0000e-09  eta: 13:12:24  time: 0.0077  data_time: 0.0003  memory: 253  loss: 2.1149
2024/02/16 20:31:37 - mmengine - INFO - Epoch(train)   [12][1300/3125]  lr: 1.0000e-09  eta: 13:12:26  time: 0.0079  data_time: 0.0003  memory: 253  loss: 2.1814
2024/02/16 20:31:38 - mmengine - INFO - Epoch(train)   [12][1400/3125]  lr: 1.0000e-09  eta: 13:12:30  time: 0.0079  data_time: 0.0003  memory: 253  loss: 2.1380
2024/02/16 20:31:38 - mmengine - INFO - Epoch(train)   [12][1500/3125]  lr: 1.0000e-09  eta: 13:12:33  time: 0.0078  data_time: 0.0003  memory: 253  loss: 2.1255
2024/02/16 20:31:39 - mmengine - INFO - Epoch(train)   [12][1600/3125]  lr: 1.0000e-09  eta: 13:12:35  time: 0.0078  data_time: 0.0003  memory: 253  loss: 2.1829
2024/02/16 20:31:39 - mmengine - INFO - Exp name: pinet_resnet14_8xb16_cifar10_wout_bn_wout_pooling_constant_lr_20240216_202634
2024/02/16 20:31:40 - mmengine - INFO - Epoch(train)   [12][1700/3125]  lr: 1.0000e-09  eta: 13:12:39  time: 0.0079  data_time: 0.0003  memory: 253  loss: 2.1718
2024/02/16 20:31:41 - mmengine - INFO - Epoch(train)   [12][1800/3125]  lr: 1.0000e-09  eta: 13:12:41  time: 0.0078  data_time: 0.0003  memory: 253  loss: 2.1105
2024/02/16 20:31:42 - mmengine - INFO - Epoch(train)   [12][1900/3125]  lr: 1.0000e-09  eta: 13:12:44  time: 0.0077  data_time: 0.0003  memory: 253  loss: 2.1490
2024/02/16 20:31:42 - mmengine - INFO - Epoch(train)   [12][2000/3125]  lr: 1.0000e-09  eta: 13:12:47  time: 0.0079  data_time: 0.0003  memory: 253  loss: 2.1528
2024/02/16 20:31:43 - mmengine - INFO - Epoch(train)   [12][2100/3125]  lr: 1.0000e-09  eta: 13:12:50  time: 0.0079  data_time: 0.0003  memory: 253  loss: 2.1812
2024/02/16 20:31:44 - mmengine - INFO - Epoch(train)   [12][2200/3125]  lr: 1.0000e-09  eta: 13:12:53  time: 0.0078  data_time: 0.0003  memory: 253  loss: 2.1904
2024/02/16 20:31:45 - mmengine - INFO - Epoch(train)   [12][2300/3125]  lr: 1.0000e-09  eta: 13:12:56  time: 0.0078  data_time: 0.0003  memory: 253  loss: 2.0930
2024/02/16 20:31:45 - mmengine - INFO - Epoch(train)   [12][2400/3125]  lr: 1.0000e-09  eta: 13:12:59  time: 0.0079  data_time: 0.0003  memory: 253  loss: 2.1126
2024/02/16 20:31:46 - mmengine - INFO - Epoch(train)   [12][2500/3125]  lr: 1.0000e-09  eta: 13:13:01  time: 0.0078  data_time: 0.0003  memory: 253  loss: 2.1153
2024/02/16 20:31:47 - mmengine - INFO - Epoch(train)   [12][2600/3125]  lr: 1.0000e-09  eta: 13:13:04  time: 0.0077  data_time: 0.0003  memory: 253  loss: 2.1274
2024/02/16 20:31:47 - mmengine - INFO - Exp name: pinet_resnet14_8xb16_cifar10_wout_bn_wout_pooling_constant_lr_20240216_202634
2024/02/16 20:31:48 - mmengine - INFO - Epoch(train)   [12][2700/3125]  lr: 1.0000e-09  eta: 13:13:07  time: 0.0078  data_time: 0.0003  memory: 253  loss: 2.1849
2024/02/16 20:31:49 - mmengine - INFO - Epoch(train)   [12][2800/3125]  lr: 1.0000e-09  eta: 13:13:09  time: 0.0078  data_time: 0.0003  memory: 253  loss: 2.1531
2024/02/16 20:31:49 - mmengine - INFO - Epoch(train)   [12][2900/3125]  lr: 1.0000e-09  eta: 13:13:11  time: 0.0080  data_time: 0.0003  memory: 253  loss: 2.0633
2024/02/16 20:31:50 - mmengine - INFO - Epoch(train)   [12][3000/3125]  lr: 1.0000e-09  eta: 13:13:13  time: 0.0077  data_time: 0.0003  memory: 253  loss: 2.1516
2024/02/16 20:31:51 - mmengine - INFO - Epoch(train)   [12][3100/3125]  lr: 1.0000e-09  eta: 13:13:12  time: 0.0076  data_time: 0.0003  memory: 253  loss: 2.0892
2024/02/16 20:31:51 - mmengine - INFO - Exp name: pinet_resnet14_8xb16_cifar10_wout_bn_wout_pooling_constant_lr_20240216_202634
2024/02/16 20:31:51 - mmengine - INFO - Saving checkpoint at 12 epochs
2024/02/16 20:31:52 - mmengine - INFO - Epoch(val)   [12][100/625]    eta: 0:00:01  time: 0.0023  data_time: 0.0001  memory: 253  
2024/02/16 20:31:52 - mmengine - INFO - Epoch(val)   [12][200/625]    eta: 0:00:01  time: 0.0023  data_time: 0.0001  memory: 93  
2024/02/16 20:31:52 - mmengine - INFO - Epoch(val)   [12][300/625]    eta: 0:00:00  time: 0.0023  data_time: 0.0001  memory: 93  
2024/02/16 20:31:53 - mmengine - INFO - Epoch(val)   [12][400/625]    eta: 0:00:00  time: 0.0023  data_time: 0.0001  memory: 93  
2024/02/16 20:31:53 - mmengine - INFO - Epoch(val)   [12][500/625]    eta: 0:00:00  time: 0.0023  data_time: 0.0001  memory: 93  
2024/02/16 20:31:53 - mmengine - INFO - Epoch(val)   [12][600/625]    eta: 0:00:00  time: 0.0023  data_time: 0.0001  memory: 93  
2024/02/16 20:31:53 - mmengine - INFO - Epoch(val) [12][625/625]    accuracy/top1: 29.7200  data_time: 0.0001  time: 0.0024
2024/02/16 20:31:54 - mmengine - INFO - Epoch(train)   [13][ 100/3125]  lr: 1.0000e-09  eta: 13:13:03  time: 0.0081  data_time: 0.0003  memory: 253  loss: 2.1021
2024/02/16 20:31:55 - mmengine - INFO - Epoch(train)   [13][ 200/3125]  lr: 1.0000e-09  eta: 13:13:07  time: 0.0079  data_time: 0.0003  memory: 253  loss: 2.1416
2024/02/16 20:31:55 - mmengine - INFO - Epoch(train)   [13][ 300/3125]  lr: 1.0000e-09  eta: 13:13:11  time: 0.0080  data_time: 0.0003  memory: 253  loss: 2.1453
2024/02/16 20:31:56 - mmengine - INFO - Epoch(train)   [13][ 400/3125]  lr: 1.0000e-09  eta: 13:13:15  time: 0.0080  data_time: 0.0003  memory: 253  loss: 2.1149
2024/02/16 20:31:57 - mmengine - INFO - Exp name: pinet_resnet14_8xb16_cifar10_wout_bn_wout_pooling_constant_lr_20240216_202634
2024/02/16 20:31:57 - mmengine - INFO - Epoch(train)   [13][ 500/3125]  lr: 1.0000e-09  eta: 13:13:10  time: 0.0078  data_time: 0.0003  memory: 253  loss: 2.1321
2024/02/16 20:31:58 - mmengine - INFO - Epoch(train)   [13][ 600/3125]  lr: 1.0000e-09  eta: 13:13:15  time: 0.0081  data_time: 0.0003  memory: 253  loss: 2.1114
2024/02/16 20:31:59 - mmengine - INFO - Epoch(train)   [13][ 700/3125]  lr: 1.0000e-09  eta: 13:13:13  time: 0.0078  data_time: 0.0003  memory: 253  loss: 2.0944
2024/02/16 20:31:59 - mmengine - INFO - Epoch(train)   [13][ 800/3125]  lr: 1.0000e-09  eta: 13:13:10  time: 0.0066  data_time: 0.0002  memory: 253  loss: 2.1990
2024/02/16 20:32:00 - mmengine - INFO - Epoch(train)   [13][ 900/3125]  lr: 1.0000e-09  eta: 13:13:01  time: 0.0076  data_time: 0.0003  memory: 253  loss: 2.2314
2024/02/16 20:32:01 - mmengine - INFO - Epoch(train)   [13][1000/3125]  lr: 1.0000e-09  eta: 13:13:05  time: 0.0078  data_time: 0.0003  memory: 253  loss: 2.1365
2024/02/16 20:32:02 - mmengine - INFO - Epoch(train)   [13][1100/3125]  lr: 1.0000e-09  eta: 13:13:08  time: 0.0079  data_time: 0.0003  memory: 253  loss: 2.1841
2024/02/16 20:32:02 - mmengine - INFO - Epoch(train)   [13][1200/3125]  lr: 1.0000e-09  eta: 13:13:13  time: 0.0078  data_time: 0.0003  memory: 253  loss: 2.2058
2024/02/16 20:32:03 - mmengine - INFO - Epoch(train)   [13][1300/3125]  lr: 1.0000e-09  eta: 13:13:12  time: 0.0084  data_time: 0.0004  memory: 253  loss: 2.1282
2024/02/16 20:32:04 - mmengine - INFO - Epoch(train)   [13][1400/3125]  lr: 1.0000e-09  eta: 13:13:20  time: 0.0081  data_time: 0.0003  memory: 253  loss: 2.1794
2024/02/16 20:32:05 - mmengine - INFO - Exp name: pinet_resnet14_8xb16_cifar10_wout_bn_wout_pooling_constant_lr_20240216_202634
2024/02/16 20:32:05 - mmengine - INFO - Epoch(train)   [13][1500/3125]  lr: 1.0000e-09  eta: 13:13:27  time: 0.0079  data_time: 0.0003  memory: 253  loss: 2.0987
2024/02/16 20:32:06 - mmengine - INFO - Epoch(train)   [13][1600/3125]  lr: 1.0000e-09  eta: 13:13:32  time: 0.0081  data_time: 0.0003  memory: 253  loss: 2.1634
2024/02/16 20:32:06 - mmengine - INFO - Epoch(train)   [13][1700/3125]  lr: 1.0000e-09  eta: 13:13:23  time: 0.0074  data_time: 0.0003  memory: 253  loss: 2.0990
2024/02/16 20:32:07 - mmengine - INFO - Epoch(train)   [13][1800/3125]  lr: 1.0000e-09  eta: 13:13:18  time: 0.0081  data_time: 0.0003  memory: 253  loss: 2.1205
2024/02/16 20:32:08 - mmengine - INFO - Epoch(train)   [13][1900/3125]  lr: 1.0000e-09  eta: 13:13:22  time: 0.0077  data_time: 0.0003  memory: 253  loss: 2.1820
2024/02/16 20:32:09 - mmengine - INFO - Epoch(train)   [13][2000/3125]  lr: 1.0000e-09  eta: 13:13:25  time: 0.0077  data_time: 0.0003  memory: 253  loss: 2.0094
2024/02/16 20:32:10 - mmengine - INFO - Epoch(train)   [13][2100/3125]  lr: 1.0000e-09  eta: 13:13:28  time: 0.0078  data_time: 0.0003  memory: 253  loss: 2.1149
2024/02/16 20:32:10 - mmengine - INFO - Epoch(train)   [13][2200/3125]  lr: 1.0000e-09  eta: 13:13:32  time: 0.0080  data_time: 0.0003  memory: 253  loss: 2.0568
2024/02/16 20:32:11 - mmengine - INFO - Epoch(train)   [13][2300/3125]  lr: 1.0000e-09  eta: 13:13:32  time: 0.0083  data_time: 0.0003  memory: 253  loss: 2.1108
2024/02/16 20:32:12 - mmengine - INFO - Epoch(train)   [13][2400/3125]  lr: 1.0000e-09  eta: 13:13:38  time: 0.0082  data_time: 0.0003  memory: 253  loss: 2.0615
2024/02/16 20:32:13 - mmengine - INFO - Exp name: pinet_resnet14_8xb16_cifar10_wout_bn_wout_pooling_constant_lr_20240216_202634
2024/02/16 20:32:13 - mmengine - INFO - Epoch(train)   [13][2500/3125]  lr: 1.0000e-09  eta: 13:13:38  time: 0.0069  data_time: 0.0002  memory: 253  loss: 2.0962
2024/02/16 20:32:13 - mmengine - INFO - Epoch(train)   [13][2600/3125]  lr: 1.0000e-09  eta: 13:13:44  time: 0.0079  data_time: 0.0003  memory: 253  loss: 2.1649
2024/02/16 20:32:14 - mmengine - INFO - Epoch(train)   [13][2700/3125]  lr: 1.0000e-09  eta: 13:13:50  time: 0.0080  data_time: 0.0003  memory: 253  loss: 2.1448
2024/02/16 20:32:15 - mmengine - INFO - Epoch(train)   [13][2800/3125]  lr: 1.0000e-09  eta: 13:13:51  time: 0.0079  data_time: 0.0003  memory: 253  loss: 2.1314
2024/02/16 20:32:16 - mmengine - INFO - Epoch(train)   [13][2900/3125]  lr: 1.0000e-09  eta: 13:13:54  time: 0.0079  data_time: 0.0003  memory: 253  loss: 2.1738
2024/02/16 20:32:17 - mmengine - INFO - Epoch(train)   [13][3000/3125]  lr: 1.0000e-09  eta: 13:13:57  time: 0.0082  data_time: 0.0003  memory: 253  loss: 2.0547
2024/02/16 20:32:17 - mmengine - INFO - Epoch(train)   [13][3100/3125]  lr: 1.0000e-09  eta: 13:14:01  time: 0.0077  data_time: 0.0003  memory: 253  loss: 2.1502
2024/02/16 20:32:18 - mmengine - INFO - Exp name: pinet_resnet14_8xb16_cifar10_wout_bn_wout_pooling_constant_lr_20240216_202634
2024/02/16 20:32:18 - mmengine - INFO - Saving checkpoint at 13 epochs
2024/02/16 20:32:18 - mmengine - INFO - Epoch(val)   [13][100/625]    eta: 0:00:01  time: 0.0024  data_time: 0.0001  memory: 253  
2024/02/16 20:32:19 - mmengine - INFO - Epoch(val)   [13][200/625]    eta: 0:00:01  time: 0.0026  data_time: 0.0001  memory: 93  
2024/02/16 20:32:19 - mmengine - INFO - Epoch(val)   [13][300/625]    eta: 0:00:00  time: 0.0023  data_time: 0.0001  memory: 93  
2024/02/16 20:32:19 - mmengine - INFO - Epoch(val)   [13][400/625]    eta: 0:00:00  time: 0.0021  data_time: 0.0001  memory: 93  
2024/02/16 20:32:19 - mmengine - INFO - Epoch(val)   [13][500/625]    eta: 0:00:00  time: 0.0021  data_time: 0.0001  memory: 93  
2024/02/16 20:32:19 - mmengine - INFO - Epoch(val)   [13][600/625]    eta: 0:00:00  time: 0.0021  data_time: 0.0001  memory: 93  
2024/02/16 20:32:20 - mmengine - INFO - Epoch(val) [13][625/625]    accuracy/top1: 29.8000  data_time: 0.0001  time: 0.0023
2024/02/16 20:32:20 - mmengine - INFO - Epoch(train)   [14][ 100/3125]  lr: 1.0000e-09  eta: 13:13:46  time: 0.0067  data_time: 0.0002  memory: 253  loss: 2.1266
2024/02/16 20:32:21 - mmengine - INFO - Epoch(train)   [14][ 200/3125]  lr: 1.0000e-09  eta: 13:13:41  time: 0.0081  data_time: 0.0003  memory: 253  loss: 2.0182
2024/02/16 20:32:22 - mmengine - INFO - Epoch(train)   [14][ 300/3125]  lr: 1.0000e-09  eta: 13:13:46  time: 0.0081  data_time: 0.0003  memory: 253  loss: 2.1768
2024/02/16 20:32:22 - mmengine - INFO - Exp name: pinet_resnet14_8xb16_cifar10_wout_bn_wout_pooling_constant_lr_20240216_202634
2024/02/16 20:32:23 - mmengine - INFO - Epoch(train)   [14][ 400/3125]  lr: 1.0000e-09  eta: 13:13:51  time: 0.0083  data_time: 0.0003  memory: 253  loss: 2.1300
2024/02/16 20:32:23 - mmengine - INFO - Epoch(train)   [14][ 500/3125]  lr: 1.0000e-09  eta: 13:13:55  time: 0.0077  data_time: 0.0003  memory: 253  loss: 2.0504
2024/02/16 20:32:24 - mmengine - INFO - Epoch(train)   [14][ 600/3125]  lr: 1.0000e-09  eta: 13:13:57  time: 0.0080  data_time: 0.0003  memory: 253  loss: 2.1281
2024/02/16 20:32:25 - mmengine - INFO - Epoch(train)   [14][ 700/3125]  lr: 1.0000e-09  eta: 13:14:00  time: 0.0080  data_time: 0.0003  memory: 253  loss: 2.0807
2024/02/16 20:32:26 - mmengine - INFO - Epoch(train)   [14][ 800/3125]  lr: 1.0000e-09  eta: 13:14:02  time: 0.0077  data_time: 0.0003  memory: 253  loss: 2.0973
2024/02/16 20:32:27 - mmengine - INFO - Epoch(train)   [14][ 900/3125]  lr: 1.0000e-09  eta: 13:14:05  time: 0.0076  data_time: 0.0003  memory: 253  loss: 2.2244
2024/02/16 20:32:27 - mmengine - INFO - Epoch(train)   [14][1000/3125]  lr: 1.0000e-09  eta: 13:14:05  time: 0.0066  data_time: 0.0002  memory: 253  loss: 2.1325
2024/02/16 20:32:28 - mmengine - INFO - Epoch(train)   [14][1100/3125]  lr: 1.0000e-09  eta: 13:13:48  time: 0.0066  data_time: 0.0002  memory: 253  loss: 2.1436
2024/02/16 20:32:29 - mmengine - INFO - Epoch(train)   [14][1200/3125]  lr: 1.0000e-09  eta: 13:13:54  time: 0.0080  data_time: 0.0003  memory: 253  loss: 2.1810
2024/02/16 20:32:30 - mmengine - INFO - Epoch(train)   [14][1300/3125]  lr: 1.0000e-09  eta: 13:13:58  time: 0.0081  data_time: 0.0003  memory: 253  loss: 2.1627
